0 verbose cli /usr/local/nvm/versions/node/v18.12.1/bin/node /usr/local/nvm/versions/node/v18.12.1/bin/npm
1 info using npm@9.6.0
2 info using node@v18.12.1
3 timing npm:load:whichnode Completed in 1ms
4 timing config:load:defaults Completed in 2ms
5 timing config:load:file:/usr/local/nvm/versions/node/v18.12.1/lib/node_modules/npm/npmrc Completed in 0ms
6 timing config:load:builtin Completed in 1ms
7 timing config:load:cli Completed in 3ms
8 timing config:load:env Completed in 0ms
9 timing config:load:file:/home/user316/.cache/typescript/3.8/.npmrc Completed in 0ms
10 timing config:load:project Completed in 1ms
11 timing config:load:file:/home/user316/.npmrc Completed in 1ms
12 timing config:load:user Completed in 1ms
13 timing config:load:file:/usr/local/nvm/versions/node/v18.12.1/etc/npmrc Completed in 0ms
14 timing config:load:global Completed in 0ms
15 timing config:load:setEnvs Completed in 1ms
16 timing config:load Completed in 9ms
17 timing npm:load:configload Completed in 9ms
18 timing npm:load:mkdirpcache Completed in 0ms
19 timing npm:load:mkdirplogs Completed in 0ms
20 verbose title npm install @types/body-parser@ts3.8 @types/express@ts3.8 @types/chai@ts3.8 @types/mocha@ts3.8 @types/supertest@ts3.8 @types/accepts@ts3.8 @types/archy@ts3.8 @types/argparse@ts3.8 @types/balanced-match@ts3.8 @types/brace-expansion@ts3.8 @types/braces@ts3.8 @types/bytes@ts3.8 @types/caniuse-lite@ts3.8 @types/check-error@ts3.8 @types/color-convert@ts3.8 @types/color-name@ts3.8 @types/combined-stream@ts3.8 @types/commondir@ts3.8 @types/component-emitter@ts3.8 @types/concat-map@ts3.8 @types/content-disposition@ts3.8 @types/content-type@ts3.8 @types/convert-source-map@ts3.8 @types/cookie@ts3.8 @types/cookie-signature@ts3.8 @types/cookiejar@ts3.8 @types/cross-spawn@ts3.8 @types/debug@ts3.8 @types/deep-eql@ts3.8 @types/depd@ts3.8 @types/destroy@ts3.8 @types/diff@ts3.8 @types/duplexify@ts3.8 @types/ee-first@ts3.8 @types/encodeurl@ts3.8 @types/end-of-stream@ts3.8 @types/escape-html@ts3.8 @types/esprima@ts3.8 @types/etag@ts3.8 @types/extend@ts3.8 @types/fast-text-encoding@ts3.8 @types/fill-range@ts3.8 @types/finalhandler@ts3.8 @types/find-cache-dir@ts3.8 @types/flat@ts3.8 @types/foreground-child@ts3.8 @types/formidable@ts3.8 @types/forwarded@ts3.8 @types/fresh@ts3.8 @types/functional-red-black-tree@ts3.8 @types/gensync@ts3.8 @types/get-func-name@ts3.8 @types/glob@ts3.8 @types/glob-parent@ts3.8 @types/graceful-fs@ts3.8 @types/he@ts3.8 @types/html-escaper@ts3.8 @types/http-errors@ts3.8 @types/imurmurhash@ts3.8 @types/inherits@ts3.8 @types/is-glob@ts3.8 @types/is-number@ts3.8 @types/is-typedarray@ts3.8 @types/is-windows@ts3.8 @types/isarray@ts3.8 @types/isexe@ts3.8 @types/istanbul-lib-coverage@ts3.8 @types/istanbul-lib-hook@ts3.8 @types/istanbul-lib-instrument@ts3.8 @types/istanbul-lib-report@ts3.8 @types/istanbul-lib-source-maps@ts3.8 @types/istanbul-reports@ts3.8 @types/js-yaml@ts3.8 @types/jsesc@ts3.8 @types/json-bigint@ts3.8 @types/jwa@ts3.8 @types/jws@ts3.8 @types/lodash.camelcase@ts3.8 @types/lodash.flattendeep@ts3.8 @types/media-typer@ts3.8 @types/merge-descriptors@ts3.8 @types/methods@ts3.8 @types/mime@ts3.8 @types/mime-db@ts3.8 @types/mime-types@ts3.8 @types/minimist@ts3.8 @types/ms@ts3.8 @types/negotiator@ts3.8 @types/node-fetch@ts3.8 @types/node-forge@ts3.8 @types/normalize-path@ts3.8 @types/on-finished@ts3.8 @types/once@ts3.8 @types/parseurl@ts3.8 @types/path-is-absolute@ts3.8 @types/pathval@ts3.8 @types/picomatch@ts3.8 @types/proxy-addr@ts3.8 @types/qs@ts3.8 @types/randombytes@ts3.8 @types/range-parser@ts3.8 @types/readable-stream@ts3.8 @types/require-directory@ts3.8 @types/safer-buffer@ts3.8 @types/semver@ts3.8 @types/send@ts3.8 @types/serialize-javascript@ts3.8 @types/serve-static@ts3.8 @types/set-blocking@ts3.8 @types/shebang-command@ts3.8 @types/signal-exit@ts3.8 @types/sprintf@ts3.8 @types/sprintf-js@ts3.8 @types/statuses@ts3.8 @types/stream-shift@ts3.8 @types/superagent@ts3.8 @types/supports-color@ts3.8 @types/to-regex-range@ts3.8 @types/toidentifier@ts3.8 @types/tr46@ts3.8 @types/type-detect@ts3.8 @types/type-is@ts3.8 @types/typedarray-to-buffer@ts3.8 @types/util-deprecate@ts3.8 @types/utils-merge@ts3.8 @types/uuid@ts3.8 @types/vary@ts3.8 @types/webidl-conversions@ts3.8 @types/whatwg-url@ts3.8 @types/which@ts3.8 @types/workerpool@ts3.8 @types/wrap-ansi@ts3.8 @types/write-file-atomic@ts3.8 @types/yargs@ts3.8 @types/yargs-parser@ts3.8 @types/yargs-unparser@ts3.8 @types/node@ts3.8
21 verbose argv "install" "--ignore-scripts" "@types/body-parser@ts3.8" "@types/express@ts3.8" "@types/chai@ts3.8" "@types/mocha@ts3.8" "@types/supertest@ts3.8" "@types/accepts@ts3.8" "@types/archy@ts3.8" "@types/argparse@ts3.8" "@types/balanced-match@ts3.8" "@types/brace-expansion@ts3.8" "@types/braces@ts3.8" "@types/bytes@ts3.8" "@types/caniuse-lite@ts3.8" "@types/check-error@ts3.8" "@types/color-convert@ts3.8" "@types/color-name@ts3.8" "@types/combined-stream@ts3.8" "@types/commondir@ts3.8" "@types/component-emitter@ts3.8" "@types/concat-map@ts3.8" "@types/content-disposition@ts3.8" "@types/content-type@ts3.8" "@types/convert-source-map@ts3.8" "@types/cookie@ts3.8" "@types/cookie-signature@ts3.8" "@types/cookiejar@ts3.8" "@types/cross-spawn@ts3.8" "@types/debug@ts3.8" "@types/deep-eql@ts3.8" "@types/depd@ts3.8" "@types/destroy@ts3.8" "@types/diff@ts3.8" "@types/duplexify@ts3.8" "@types/ee-first@ts3.8" "@types/encodeurl@ts3.8" "@types/end-of-stream@ts3.8" "@types/escape-html@ts3.8" "@types/esprima@ts3.8" "@types/etag@ts3.8" "@types/extend@ts3.8" "@types/fast-text-encoding@ts3.8" "@types/fill-range@ts3.8" "@types/finalhandler@ts3.8" "@types/find-cache-dir@ts3.8" "@types/flat@ts3.8" "@types/foreground-child@ts3.8" "@types/formidable@ts3.8" "@types/forwarded@ts3.8" "@types/fresh@ts3.8" "@types/functional-red-black-tree@ts3.8" "@types/gensync@ts3.8" "@types/get-func-name@ts3.8" "@types/glob@ts3.8" "@types/glob-parent@ts3.8" "@types/graceful-fs@ts3.8" "@types/he@ts3.8" "@types/html-escaper@ts3.8" "@types/http-errors@ts3.8" "@types/imurmurhash@ts3.8" "@types/inherits@ts3.8" "@types/is-glob@ts3.8" "@types/is-number@ts3.8" "@types/is-typedarray@ts3.8" "@types/is-windows@ts3.8" "@types/isarray@ts3.8" "@types/isexe@ts3.8" "@types/istanbul-lib-coverage@ts3.8" "@types/istanbul-lib-hook@ts3.8" "@types/istanbul-lib-instrument@ts3.8" "@types/istanbul-lib-report@ts3.8" "@types/istanbul-lib-source-maps@ts3.8" "@types/istanbul-reports@ts3.8" "@types/js-yaml@ts3.8" "@types/jsesc@ts3.8" "@types/json-bigint@ts3.8" "@types/jwa@ts3.8" "@types/jws@ts3.8" "@types/lodash.camelcase@ts3.8" "@types/lodash.flattendeep@ts3.8" "@types/media-typer@ts3.8" "@types/merge-descriptors@ts3.8" "@types/methods@ts3.8" "@types/mime@ts3.8" "@types/mime-db@ts3.8" "@types/mime-types@ts3.8" "@types/minimist@ts3.8" "@types/ms@ts3.8" "@types/negotiator@ts3.8" "@types/node-fetch@ts3.8" "@types/node-forge@ts3.8" "@types/normalize-path@ts3.8" "@types/on-finished@ts3.8" "@types/once@ts3.8" "@types/parseurl@ts3.8" "@types/path-is-absolute@ts3.8" "@types/pathval@ts3.8" "@types/picomatch@ts3.8" "@types/proxy-addr@ts3.8" "@types/qs@ts3.8" "@types/randombytes@ts3.8" "@types/range-parser@ts3.8" "@types/readable-stream@ts3.8" "@types/require-directory@ts3.8" "@types/safer-buffer@ts3.8" "@types/semver@ts3.8" "@types/send@ts3.8" "@types/serialize-javascript@ts3.8" "@types/serve-static@ts3.8" "@types/set-blocking@ts3.8" "@types/shebang-command@ts3.8" "@types/signal-exit@ts3.8" "@types/sprintf@ts3.8" "@types/sprintf-js@ts3.8" "@types/statuses@ts3.8" "@types/stream-shift@ts3.8" "@types/superagent@ts3.8" "@types/supports-color@ts3.8" "@types/to-regex-range@ts3.8" "@types/toidentifier@ts3.8" "@types/tr46@ts3.8" "@types/type-detect@ts3.8" "@types/type-is@ts3.8" "@types/typedarray-to-buffer@ts3.8" "@types/util-deprecate@ts3.8" "@types/utils-merge@ts3.8" "@types/uuid@ts3.8" "@types/vary@ts3.8" "@types/webidl-conversions@ts3.8" "@types/whatwg-url@ts3.8" "@types/which@ts3.8" "@types/workerpool@ts3.8" "@types/wrap-ansi@ts3.8" "@types/write-file-atomic@ts3.8" "@types/yargs@ts3.8" "@types/yargs-parser@ts3.8" "@types/yargs-unparser@ts3.8" "@types/node@ts3.8" "--save-dev" "--user-agent" "typesInstaller/3.8.3"
22 timing npm:load:setTitle Completed in 9ms
23 timing config:load:flatten Completed in 3ms
24 timing npm:load:display Completed in 4ms
25 verbose logfile logs-max:10 dir:/home/user316/.npm/_logs/2023-03-15T20_57_19_510Z-
26 verbose logfile /home/user316/.npm/_logs/2023-03-15T20_57_19_510Z-debug-0.log
27 timing npm:load:logFile Completed in 6ms
28 timing npm:load:timers Completed in 0ms
29 timing npm:load:configScope Completed in 0ms
30 timing npm:load Completed in 30ms
31 timing arborist:ctor Completed in 1ms
32 silly logfile done cleaning log files
33 timing idealTree:init Completed in 21ms
34 timing arborist:ctor Completed in 0ms
35 http fetch GET 200 https://registry.npmjs.org/@types%2fbrace-expansion 520ms (cache miss)
36 http fetch GET 200 https://registry.npmjs.org/@types%2fcaniuse-lite 521ms (cache miss)
37 http fetch GET 200 https://registry.npmjs.org/@types%2fbalanced-match 525ms (cache miss)
38 http fetch GET 200 https://registry.npmjs.org/@types%2fcolor-convert 524ms (cache miss)
39 http fetch GET 200 https://registry.npmjs.org/@types%2fcolor-name 528ms (cache miss)
40 http fetch GET 200 https://registry.npmjs.org/@types%2fcombined-stream 530ms (cache miss)
41 http fetch GET 200 https://registry.npmjs.org/@types%2fconcat-map 530ms (cache miss)
42 http fetch GET 200 https://registry.npmjs.org/@types%2fcontent-disposition 532ms (cache miss)
43 http fetch GET 200 https://registry.npmjs.org/@types%2fbytes 554ms (cache miss)
44 http fetch GET 200 https://registry.npmjs.org/@types%2fcomponent-emitter 554ms (cache miss)
45 http fetch GET 200 https://registry.npmjs.org/@types%2fbody-parser 564ms (cache miss)
46 http fetch GET 200 https://registry.npmjs.org/@types%2fcontent-type 559ms (cache miss)
47 http fetch GET 200 https://registry.npmjs.org/@types%2fsupertest 569ms (cache miss)
48 http fetch GET 200 https://registry.npmjs.org/@types%2fcross-spawn 561ms (cache miss)
49 http fetch GET 200 https://registry.npmjs.org/@types%2fcookiejar 575ms (cache miss)
50 http fetch GET 200 https://registry.npmjs.org/@types%2fexpress 605ms (cache miss)
51 http fetch GET 200 https://registry.npmjs.org/@types%2fmocha 608ms (cache miss)
52 http fetch GET 200 https://registry.npmjs.org/@types%2fchai 610ms (cache miss)
53 http fetch GET 200 https://registry.npmjs.org/@types%2faccepts 651ms (cache miss)
54 http fetch GET 200 https://registry.npmjs.org/@types%2fee-first 666ms (cache miss)
55 http fetch GET 200 https://registry.npmjs.org/@types%2fduplexify 788ms (cache miss)
56 http fetch GET 200 https://registry.npmjs.org/@types%2fend-of-stream 830ms (cache miss)
57 http fetch GET 200 https://registry.npmjs.org/@types%2fescape-html 854ms (cache miss)
58 http fetch GET 200 https://registry.npmjs.org/@types%2fesprima 907ms (cache miss)
59 http fetch GET 200 https://registry.npmjs.org/@types%2fetag 941ms (cache miss)
60 http fetch GET 200 https://registry.npmjs.org/@types%2fdiff 1021ms (cache miss)
61 http fetch GET 200 https://registry.npmjs.org/@types%2fdebug 1092ms (cache miss)
62 http fetch GET 200 https://registry.npmjs.org/@types%2ffill-range 1111ms (cache miss)
63 http fetch GET 200 https://registry.npmjs.org/@types%2ffinalhandler 1150ms (cache miss)
64 http fetch GET 200 https://registry.npmjs.org/@types%2fcheck-error 1201ms (cache miss)
65 http fetch GET 200 https://registry.npmjs.org/@types%2fcommondir 1200ms (cache miss)
66 http fetch GET 200 https://registry.npmjs.org/@types%2fcookie-signature 1203ms (cache miss)
67 http fetch GET 200 https://registry.npmjs.org/@types%2farchy 1214ms (cache miss)
68 http fetch GET 200 https://registry.npmjs.org/@types%2fcookie 1211ms (cache miss)
69 http fetch GET 200 https://registry.npmjs.org/@types%2fformidable 1213ms (cache miss)
70 http fetch GET 200 https://registry.npmjs.org/@types%2fbraces 1249ms (cache miss)
71 http fetch GET 200 https://registry.npmjs.org/@types%2fconvert-source-map 1253ms (cache miss)
72 http fetch GET 200 https://registry.npmjs.org/@types%2ffresh 1237ms (cache miss)
73 http fetch GET 200 https://registry.npmjs.org/@types%2fdeep-eql 1268ms (cache miss)
74 timing idealTree Completed in 1312ms
75 timing command:install Completed in 1319ms
76 verbose type tag
77 verbose stack @types/deep-eql: No matching version found for @types/deep-eql@ts3.8.
77 verbose stack     at module.exports (/usr/local/nvm/versions/node/v18.12.1/lib/node_modules/npm/node_modules/npm-pick-manifest/lib/index.js:209:23)
77 verbose stack     at RegistryFetcher.manifest (/usr/local/nvm/versions/node/v18.12.1/lib/node_modules/npm/node_modules/pacote/lib/registry.js:119:22)
77 verbose stack     at async /usr/local/nvm/versions/node/v18.12.1/lib/node_modules/npm/node_modules/@npmcli/arborist/lib/arborist/build-ideal-tree.js:528:22
77 verbose stack     at async Promise.all (index 28)
77 verbose stack     at async [add] (/usr/local/nvm/versions/node/v18.12.1/lib/node_modules/npm/node_modules/@npmcli/arborist/lib/arborist/build-ideal-tree.js:517:5)
77 verbose stack     at async [applyUserRequestsToNode] (/usr/local/nvm/versions/node/v18.12.1/lib/node_modules/npm/node_modules/@npmcli/arborist/lib/arborist/build-ideal-tree.js:486:7)
77 verbose stack     at async [applyUserRequests] (/usr/local/nvm/versions/node/v18.12.1/lib/node_modules/npm/node_modules/@npmcli/arborist/lib/arborist/build-ideal-tree.js:422:7)
77 verbose stack     at async Arborist.buildIdealTree (/usr/local/nvm/versions/node/v18.12.1/lib/node_modules/npm/node_modules/@npmcli/arborist/lib/arborist/build-ideal-tree.js:206:7)
77 verbose stack     at async Promise.all (index 1)
77 verbose stack     at async Arborist.reify (/usr/local/nvm/versions/node/v18.12.1/lib/node_modules/npm/node_modules/@npmcli/arborist/lib/arborist/reify.js:159:5)
78 verbose cwd /home/user316/.cache/typescript/3.8
79 verbose Linux 5.15.65+
80 verbose node v18.12.1
81 verbose npm  v9.6.0
82 error code ETARGET
83 error notarget No matching version found for @types/deep-eql@ts3.8.
84 error notarget In most cases you or one of your dependencies are requesting
84 error notarget a package version that doesn't exist.
85 verbose exit 1
86 timing npm Completed in 1374ms
87 verbose unfinished npm timer reify 1678913839560
88 verbose unfinished npm timer reify:loadTrees 1678913839563
89 verbose unfinished npm timer idealTree:userRequests 1678913839585
90 verbose code 1
91 error A complete log of this run can be found in:
91 error     /home/user316/.npm/_logs/2023-03-15T20_57_19_510Z-debug-0.log
