0 verbose cli /usr/local/nvm/versions/node/v18.12.1/bin/node /usr/local/nvm/versions/node/v18.12.1/bin/npm
1 info using npm@9.6.0
2 info using node@v18.12.1
3 timing npm:load:whichnode Completed in 1ms
4 timing config:load:defaults Completed in 2ms
5 timing config:load:file:/usr/local/nvm/versions/node/v18.12.1/lib/node_modules/npm/npmrc Completed in 1ms
6 timing config:load:builtin Completed in 2ms
7 timing config:load:cli Completed in 2ms
8 timing config:load:env Completed in 1ms
9 timing config:load:file:/home/user316/sample-Firestore/external/.npmrc Completed in 0ms
10 timing config:load:project Completed in 1ms
11 timing config:load:file:/home/user316/.npmrc Completed in 0ms
12 timing config:load:user Completed in 1ms
13 timing config:load:file:/usr/local/nvm/versions/node/v18.12.1/etc/npmrc Completed in 0ms
14 timing config:load:global Completed in 0ms
15 timing config:load:setEnvs Completed in 1ms
16 timing config:load Completed in 10ms
17 timing npm:load:configload Completed in 10ms
18 timing npm:load:mkdirpcache Completed in 0ms
19 timing npm:load:mkdirplogs Completed in 1ms
20 verbose title npm install
21 verbose argv "install"
22 timing npm:load:setTitle Completed in 1ms
23 timing config:load:flatten Completed in 3ms
24 timing npm:load:display Completed in 4ms
25 verbose logfile logs-max:10 dir:/home/user316/.npm/_logs/2023-03-15T20_46_34_630Z-
26 verbose logfile /home/user316/.npm/_logs/2023-03-15T20_46_34_630Z-debug-0.log
27 timing npm:load:logFile Completed in 5ms
28 timing npm:load:timers Completed in 0ms
29 timing npm:load:configScope Completed in 0ms
30 timing npm:load Completed in 22ms
31 timing arborist:ctor Completed in 1ms
32 silly logfile done cleaning log files
33 timing idealTree:init Completed in 347ms
34 timing idealTree:userRequests Completed in 1ms
35 silly idealTree buildDeps
36 timing idealTree:#root Completed in 1ms
37 timing idealTree:buildDeps Completed in 1ms
38 timing idealTree:fixDepFlags Completed in 0ms
39 timing idealTree Completed in 358ms
40 timing reify:loadTrees Completed in 371ms
41 timing reify:diffTrees Completed in 4ms
42 silly reify moves {}
43 timing reify:retireShallow Completed in 1ms
44 timing reify:createSparse Completed in 103ms
45 timing reify:loadBundles Completed in 0ms
46 silly audit bulk request {
46 silly audit   '@ampproject/remapping': [ '2.1.2' ],
46 silly audit   '@babel/code-frame': [ '7.16.7' ],
46 silly audit   '@babel/compat-data': [ '7.17.0' ],
46 silly audit   '@babel/core': [ '7.17.5' ],
46 silly audit   debug: [ '4.3.3', '2.6.9', '3.2.6', '4.1.1' ],
46 silly audit   ms: [ '2.1.2', '2.0.0', '2.1.3', '2.1.1' ],
46 silly audit   semver: [ '6.3.0', '5.7.1' ],
46 silly audit   '@babel/generator': [ '7.17.3' ],
46 silly audit   'source-map': [ '0.5.7', '0.6.1' ],
46 silly audit   '@babel/helper-compilation-targets': [ '7.16.7' ],
46 silly audit   '@babel/helper-environment-visitor': [ '7.16.7' ],
46 silly audit   '@babel/helper-function-name': [ '7.16.7' ],
46 silly audit   '@babel/helper-get-function-arity': [ '7.16.7' ],
46 silly audit   '@babel/helper-hoist-variables': [ '7.16.7' ],
46 silly audit   '@babel/helper-module-imports': [ '7.16.7' ],
46 silly audit   '@babel/helper-module-transforms': [ '7.17.6' ],
46 silly audit   '@babel/helper-simple-access': [ '7.16.7' ],
46 silly audit   '@babel/helper-split-export-declaration': [ '7.16.7' ],
46 silly audit   '@babel/helper-validator-identifier': [ '7.16.7' ],
46 silly audit   '@babel/helper-validator-option': [ '7.16.7' ],
46 silly audit   '@babel/helpers': [ '7.17.2' ],
46 silly audit   '@babel/highlight': [ '7.16.10' ],
46 silly audit   'ansi-styles': [ '3.2.1', '4.3.0' ],
46 silly audit   chalk: [ '2.4.2', '4.1.2' ],
46 silly audit   'color-convert': [ '1.9.3', '2.0.1' ],
46 silly audit   'color-name': [ '1.1.3', '1.1.4' ],
46 silly audit   'escape-string-regexp': [ '1.0.5', '4.0.0' ],
46 silly audit   'has-flag': [ '3.0.0', '4.0.0' ],
46 silly audit   'supports-color': [ '5.5.0', '7.2.0', '8.1.1' ],
46 silly audit   '@babel/parser': [ '7.17.3' ],
46 silly audit   '@babel/template': [ '7.16.7' ],
46 silly audit   '@babel/traverse': [ '7.17.3' ],
46 silly audit   '@babel/types': [ '7.17.0' ],
46 silly audit   '@istanbuljs/load-nyc-config': [ '1.1.0' ],
46 silly audit   argparse: [ '1.0.10', '2.0.1' ],
46 silly audit   'find-up': [ '4.1.0', '5.0.0' ],
46 silly audit   'js-yaml': [ '3.14.1', '4.1.0' ],
46 silly audit   'locate-path': [ '5.0.0', '6.0.0' ],
46 silly audit   'p-limit': [ '2.3.0', '3.1.0' ],
46 silly audit   'p-locate': [ '4.1.0', '5.0.0' ],
46 silly audit   '@istanbuljs/schema': [ '0.1.3' ],
46 silly audit   '@jridgewell/resolve-uri': [ '3.0.5' ],
46 silly audit   '@jridgewell/sourcemap-codec': [ '1.4.11' ],
46 silly audit   '@jridgewell/trace-mapping': [ '0.3.4' ],
46 silly audit   '@ungap/promise-all-settled': [ '1.1.2' ],
46 silly audit   accepts: [ '1.3.7' ],
46 silly audit   'aggregate-error': [ '3.1.0' ],
46 silly audit   ajv: [ '6.12.6' ],
46 silly audit   'ansi-colors': [ '4.1.1' ],
46 silly audit   'ansi-regex': [ '5.0.1' ],
46 silly audit   anymatch: [ '3.1.2' ],
46 silly audit   'append-transform': [ '2.0.0' ],
46 silly audit   archy: [ '1.0.0' ],
46 silly audit   'array-flatten': [ '1.1.1' ],
46 silly audit   asn1: [ '0.2.4' ],
46 silly audit   'assert-plus': [ '1.0.0' ],
46 silly audit   'assertion-error': [ '1.1.0' ],
46 silly audit   asynckit: [ '0.4.0' ],
46 silly audit   'aws-sign2': [ '0.7.0' ],
46 silly audit   aws4: [ '1.9.1' ],
46 silly audit   'balanced-match': [ '1.0.0' ],
46 silly audit   'bcrypt-pbkdf': [ '1.0.2' ],
46 silly audit   'binary-extensions': [ '2.2.0' ],
46 silly audit   'body-parser': [ '1.19.0' ],
46 silly audit   qs: [ '6.7.0', '6.8.0', '6.5.2' ],
46 silly audit   'brace-expansion': [ '1.1.11' ],
46 silly audit   braces: [ '3.0.2' ],
46 silly audit   'browser-stdout': [ '1.3.1' ],
46 silly audit   browserslist: [ '4.19.3' ],
46 silly audit   bytes: [ '3.1.0' ],
46 silly audit   'caching-transform': [ '4.0.0' ],
46 silly audit   camelcase: [ '5.3.1', '6.3.0' ],
46 silly audit   'caniuse-lite': [ '1.0.30001312' ],
46 silly audit   caseless: [ '0.12.0' ],
46 silly audit   chai: [ '4.2.0' ],
46 silly audit   'check-error': [ '1.0.2' ],
46 silly audit   chokidar: [ '3.5.3' ],
46 silly audit   'clean-stack': [ '2.2.0' ],
46 silly audit   cliui: [ '7.0.4', '6.0.0' ],
46 silly audit   'combined-stream': [ '1.0.8' ],
46 silly audit   commander: [ '2.20.3' ],
46 silly audit   commondir: [ '1.0.1' ],
46 silly audit   'component-emitter': [ '1.3.0' ],
46 silly audit   'concat-map': [ '0.0.1' ],
46 silly audit   'content-disposition': [ '0.5.3' ],
46 silly audit   'content-type': [ '1.0.4' ],
46 silly audit   'convert-source-map': [ '1.8.0' ],
46 silly audit   cookie: [ '0.4.0' ],
46 silly audit   'cookie-signature': [ '1.0.6' ],
46 silly audit   cookiejar: [ '2.1.2' ],
46 silly audit   'core-util-is': [ '1.0.2' ],
46 silly audit   'cross-spawn': [ '7.0.3' ],
46 silly audit   dashdash: [ '1.14.1' ],
46 silly audit   decamelize: [ '1.2.0', '4.0.0' ],
46 silly audit   'deep-eql': [ '3.0.1' ],
46 silly audit   'deep-equal': [ '1.1.0' ],
46 silly audit   'default-require-extensions': [ '3.0.0' ],
46 silly audit   'define-properties': [ '1.1.3' ],
46 silly audit   'delayed-stream': [ '1.0.0' ],
46 silly audit   depd: [ '1.1.2' ],
46 silly audit   destroy: [ '1.0.4' ],
46 silly audit   diff: [ '5.0.0' ],
46 silly audit   'ecc-jsbn': [ '0.1.2' ],
46 silly audit   'ee-first': [ '1.1.1' ],
46 silly audit   'electron-to-chromium': [ '1.4.75' ],
46 silly audit   'emoji-regex': [ '8.0.0' ],
46 silly audit   encodeurl: [ '1.0.2' ],
46 silly audit   'es6-error': [ '4.1.1' ],
46 silly audit   escalade: [ '3.1.1' ],
46 silly audit   'escape-html': [ '1.0.3' ],
46 silly audit   esprima: [ '4.0.1' ],
46 silly audit   etag: [ '1.8.1' ],
46 silly audit   express: [ '4.17.1' ],
46 silly audit   'express-handlebars': [ '6.0.2' ],
46 silly audit   extend: [ '3.0.2' ],
46 silly audit   extsprintf: [ '1.3.0' ],
46 silly audit   'fast-deep-equal': [ '3.1.1' ],
46 silly audit   'fast-json-stable-stringify': [ '2.1.0' ],
46 silly audit   'fill-range': [ '7.0.1' ],
46 silly audit   finalhandler: [ '1.1.2' ],
46 silly audit   'find-cache-dir': [ '3.3.2' ],
46 silly audit   flat: [ '5.0.2' ],
46 silly audit   'foreground-child': [ '2.0.0' ],
46 silly audit   'forever-agent': [ '0.6.1' ],
46 silly audit   'form-data': [ '2.5.0', '2.3.3' ],
46 silly audit   formidable: [ '1.2.1' ],
46 silly audit   forwarded: [ '0.1.2' ],
46 silly audit   fresh: [ '0.5.2' ],
46 silly audit   fromentries: [ '1.3.2' ],
46 silly audit   'fs.realpath': [ '1.0.0' ],
46 silly audit   fsevents: [ '2.3.2' ],
46 silly audit   'function-bind': [ '1.1.1' ],
46 silly audit   gensync: [ '1.0.0-beta.2' ],
46 silly audit   'get-caller-file': [ '2.0.5' ],
46 silly audit   'get-func-name': [ '2.0.0' ],
46 silly audit   'get-package-type': [ '0.1.0' ],
46 silly audit   getpass: [ '0.1.7' ],
46 silly audit   glob: [ '7.2.0' ],
46 silly audit   'glob-parent': [ '5.1.2' ],
46 silly audit   globals: [ '11.12.0' ],
46 silly audit   'graceful-fs': [ '4.2.9' ],
46 silly audit   growl: [ '1.10.5' ],
46 silly audit   handlebars: [ '4.7.7' ],
46 silly audit   'har-schema': [ '2.0.0' ],
46 silly audit   'har-validator': [ '5.1.3' ],
46 silly audit   has: [ '1.0.3' ],
46 silly audit   hasha: [ '5.2.2' ],
46 silly audit   he: [ '1.2.0' ],
46 silly audit   'html-escaper': [ '2.0.2' ],
46 silly audit   'http-errors': [ '1.7.2' ],
46 silly audit   inherits: [ '2.0.3', '2.0.4' ],
46 silly audit   'http-signature': [ '1.2.0' ],
46 silly audit   'iconv-lite': [ '0.4.24' ],
46 silly audit   imurmurhash: [ '0.1.4' ],
46 silly audit   'indent-string': [ '4.0.0' ],
46 silly audit   inflight: [ '1.0.6' ],
46 silly audit   'ipaddr.js': [ '1.9.0' ],
46 silly audit   'is-arguments': [ '1.0.4' ],
46 silly audit   'is-binary-path': [ '2.1.0' ],
46 silly audit   'is-date-object': [ '1.0.1' ],
46 silly audit   'is-extglob': [ '2.1.1' ],
46 silly audit   'is-fullwidth-code-point': [ '3.0.0' ],
46 silly audit   'is-glob': [ '4.0.3' ],
46 silly audit   'is-number': [ '7.0.0' ],
46 silly audit   'is-plain-obj': [ '2.1.0' ],
46 silly audit   'is-regex': [ '1.0.4' ],
46 silly audit   'is-stream': [ '2.0.1' ],
46 silly audit   'is-typedarray': [ '1.0.0' ],
46 silly audit   'is-unicode-supported': [ '0.1.0' ],
46 silly audit   'is-windows': [ '1.0.2' ],
46 silly audit   isarray: [ '1.0.0' ],
46 silly audit   isexe: [ '2.0.0' ],
46 silly audit   isstream: [ '0.1.2' ],
46 silly audit   'istanbul-lib-coverage': [ '3.2.0' ],
46 silly audit   'istanbul-lib-hook': [ '3.0.0' ],
46 silly audit   'istanbul-lib-instrument': [ '4.0.3' ],
46 silly audit   'istanbul-lib-processinfo': [ '2.0.2' ],
46 silly audit   'istanbul-lib-report': [ '3.0.0' ],
46 silly audit   'istanbul-lib-source-maps': [ '4.0.1' ],
46 silly audit   'istanbul-reports': [ '3.1.4' ],
46 silly audit   'js-tokens': [ '4.0.0' ],
46 silly audit   jsbn: [ '0.1.1' ],
46 silly audit   jsesc: [ '2.5.2' ],
46 silly audit   'json-schema': [ '0.4.0' ],
46 silly audit   'json-schema-traverse': [ '0.4.1' ],
46 silly audit   'json-stringify-safe': [ '5.0.1' ],
46 silly audit   json5: [ '2.2.0' ],
46 silly audit   jsprim: [ '1.4.2' ],
46 silly audit   lodash: [ '4.17.21' ],
46 silly audit   'lodash.flattendeep': [ '4.4.0' ],
46 silly audit   'log-symbols': [ '4.1.0' ],
46 silly audit   'make-dir': [ '3.1.0' ],
46 silly audit   'media-typer': [ '0.3.0' ],
46 silly audit   'merge-descriptors': [ '1.0.1' ],
46 silly audit   methods: [ '1.1.2' ],
46 silly audit   mime: [ '1.6.0' ],
46 silly audit   'mime-db': [ '1.40.0' ],
46 silly audit   'mime-types': [ '2.1.24' ],
46 silly audit   minimatch: [ '3.0.4' ],
46 silly audit   minimist: [ '1.2.6' ],
46 silly audit   mkdirp: [ '0.5.5' ],
46 silly audit   mocha: [ '9.2.1' ],
46 silly audit   nanoid: [ '3.2.0' ],
46 silly audit   negotiator: [ '0.6.2' ],
46 silly audit   'neo-async': [ '2.6.1' ],
46 silly audit   nock: [ '10.0.6' ],
46 silly audit   'node-preload': [ '0.2.1' ],
46 silly audit   'node-releases': [ '2.0.2' ],
46 silly audit   'normalize-path': [ '3.0.0' ],
46 silly audit   nyc: [ '15.1.0' ],
46 silly audit   'wrap-ansi': [ '6.2.0', '7.0.0' ],
46 silly audit   y18n: [ '4.0.3', '5.0.8' ],
46 silly audit   yargs: [ '15.4.1', '16.2.0' ],
46 silly audit   'yargs-parser': [ '18.1.3', '20.2.4' ],
46 silly audit   'oauth-sign': [ '0.9.0' ],
46 silly audit   'object-is': [ '1.0.1' ],
46 silly audit   'object-keys': [ '1.1.1' ],
46 silly audit   'on-finished': [ '2.3.0' ],
46 silly audit   once: [ '1.4.0' ],
46 silly audit   'p-map': [ '3.0.0' ],
46 silly audit   'p-try': [ '2.2.0' ],
46 silly audit   'package-hash': [ '4.0.0' ],
46 silly audit   parseurl: [ '1.3.3' ],
46 silly audit   'path-exists': [ '4.0.0' ],
46 silly audit   'path-is-absolute': [ '1.0.1' ],
46 silly audit   'path-key': [ '3.1.1' ],
46 silly audit   'path-to-regexp': [ '0.1.7' ],
46 silly audit   pathval: [ '1.1.1' ],
46 silly audit   'performance-now': [ '2.1.0' ],
46 silly audit   picocolors: [ '1.0.0' ],
46 silly audit   picomatch: [ '2.3.1' ],
46 silly audit   'pkg-dir': [ '4.2.0' ],
46 silly audit   'process-nextick-args': [ '2.0.1' ],
46 silly audit   'process-on-spawn': [ '1.0.0' ],
46 silly audit   propagate: [ '1.0.0' ],
46 silly audit   'proxy-addr': [ '2.0.5' ],
46 silly audit   psl: [ '1.8.0' ],
46 silly audit   punycode: [ '2.1.1' ],
46 silly audit   randombytes: [ '2.1.0' ],
46 silly audit   'range-parser': [ '1.2.1' ],
46 silly audit   'raw-body': [ '2.4.0' ],
46 silly audit   'readable-stream': [ '2.3.6' ],
46 silly audit   readdirp: [ '3.6.0' ],
46 silly audit   'regexp.prototype.flags': [ '1.2.0' ],
46 silly audit   'release-zalgo': [ '1.0.0' ],
46 silly audit   request: [ '2.88.2' ],
46 silly audit   'require-directory': [ '2.1.1' ],
46 silly audit   'require-main-filename': [ '2.0.0' ],
46 silly audit   'resolve-from': [ '5.0.0' ],
46 silly audit   rimraf: [ '3.0.2' ],
46 silly audit   'safe-buffer': [ '5.1.2' ],
46 silly audit   'safer-buffer': [ '2.1.2' ],
46 silly audit   send: [ '0.17.1' ],
46 silly audit   'serialize-javascript': [ '6.0.0' ],
46 silly audit   'serve-static': [ '1.14.1' ],
46 silly audit   'set-blocking': [ '2.0.0' ],
46 silly audit   setprototypeof: [ '1.1.1' ],
46 silly audit   'shebang-command': [ '2.0.0' ],
46 silly audit   'shebang-regex': [ '3.0.0' ],
46 silly audit   'signal-exit': [ '3.0.7' ],
46 silly audit   'spawn-wrap': [ '2.0.0' ],
46 silly audit   'sprintf-js': [ '1.0.3' ],
46 silly audit   sshpk: [ '1.16.1' ],
46 silly audit   statuses: [ '1.5.0' ],
46 silly audit   string_decoder: [ '1.1.1' ],
46 silly audit   'string-width': [ '4.2.3' ],
46 silly audit   'strip-ansi': [ '6.0.1' ],
46 silly audit   'strip-bom': [ '4.0.0' ],
46 silly audit   'strip-json-comments': [ '3.1.1' ],
46 silly audit   superagent: [ '3.8.3' ],
46 silly audit   supertest: [ '4.0.2' ],
46 silly audit   'test-exclude': [ '6.0.0' ],
46 silly audit   'to-fast-properties': [ '2.0.0' ],
46 silly audit   'to-regex-range': [ '5.0.1' ],
46 silly audit   toidentifier: [ '1.0.0' ],
46 silly audit   'tough-cookie': [ '2.5.0' ],
46 silly audit   'tunnel-agent': [ '0.6.0' ],
46 silly audit   tweetnacl: [ '0.14.5' ],
46 silly audit   'type-detect': [ '4.0.8' ],
46 silly audit   'type-fest': [ '0.8.1' ],
46 silly audit   'type-is': [ '1.6.18' ],
46 silly audit   'typedarray-to-buffer': [ '3.1.5' ],
46 silly audit   'uglify-js': [ '3.9.2' ],
46 silly audit   unpipe: [ '1.0.0' ],
46 silly audit   'uri-js': [ '4.2.2' ],
46 silly audit   'util-deprecate': [ '1.0.2' ],
46 silly audit   'utils-merge': [ '1.0.1' ],
46 silly audit   uuid: [ '3.3.3' ],
46 silly audit   vary: [ '1.1.2' ],
46 silly audit   verror: [ '1.10.0' ],
46 silly audit   which: [ '2.0.2' ],
46 silly audit   'which-module': [ '2.0.0' ],
46 silly audit   wordwrap: [ '1.0.0' ],
46 silly audit   workerpool: [ '6.2.0' ],
46 silly audit   wrappy: [ '1.0.2' ],
46 silly audit   'write-file-atomic': [ '3.0.3' ],
46 silly audit   'yargs-unparser': [ '2.0.0' ],
46 silly audit   'yocto-queue': [ '0.1.0' ]
46 silly audit }
47 verbose reify failed optional dependency /home/user316/sample-Firestore/external/node_modules/fsevents
48 silly reify mark deleted [ '/home/user316/sample-Firestore/external/node_modules/fsevents' ]
49 timing reifyNode:node_modules/fsevents Completed in 161ms
50 silly tarball no local data for wordwrap@https://registry.npmjs.org/wordwrap/-/wordwrap-1.0.0.tgz. Extracting by manifest.
51 silly tarball no local data for verror@https://registry.npmjs.org/verror/-/verror-1.10.0.tgz. Extracting by manifest.
52 silly tarball no local data for uuid@https://registry.npmjs.org/uuid/-/uuid-3.3.3.tgz. Extracting by manifest.
53 silly tarball no local data for uri-js@https://registry.npmjs.org/uri-js/-/uri-js-4.2.2.tgz. Extracting by manifest.
54 silly tarball no local data for uglify-js@https://registry.npmjs.org/uglify-js/-/uglify-js-3.9.2.tgz. Extracting by manifest.
55 silly tarball no local data for tweetnacl@https://registry.npmjs.org/tweetnacl/-/tweetnacl-0.14.5.tgz. Extracting by manifest.
56 silly tarball no local data for tunnel-agent@https://registry.npmjs.org/tunnel-agent/-/tunnel-agent-0.6.0.tgz. Extracting by manifest.
57 silly tarball no local data for tough-cookie@https://registry.npmjs.org/tough-cookie/-/tough-cookie-2.5.0.tgz. Extracting by manifest.
58 silly tarball no local data for sshpk@https://registry.npmjs.org/sshpk/-/sshpk-1.16.1.tgz. Extracting by manifest.
59 silly tarball no local data for semver@https://registry.npmjs.org/semver/-/semver-5.7.1.tgz. Extracting by manifest.
60 silly tarball no local data for request@https://registry.npmjs.org/request/-/request-2.88.2.tgz. Extracting by manifest.
61 silly tarball no local data for regexp.prototype.flags@https://registry.npmjs.org/regexp.prototype.flags/-/regexp.prototype.flags-1.2.0.tgz. Extracting by manifest.
62 silly tarball no local data for qs@https://registry.npmjs.org/qs/-/qs-6.8.0.tgz. Extracting by manifest.
63 silly tarball no local data for punycode@https://registry.npmjs.org/punycode/-/punycode-2.1.1.tgz. Extracting by manifest.
64 silly tarball no local data for psl@https://registry.npmjs.org/psl/-/psl-1.8.0.tgz. Extracting by manifest.
65 silly tarball no local data for propagate@https://registry.npmjs.org/propagate/-/propagate-1.0.0.tgz. Extracting by manifest.
66 silly tarball no local data for performance-now@https://registry.npmjs.org/performance-now/-/performance-now-2.1.0.tgz. Extracting by manifest.
67 silly tarball no local data for object-keys@https://registry.npmjs.org/object-keys/-/object-keys-1.1.1.tgz. Extracting by manifest.
68 silly tarball no local data for object-is@https://registry.npmjs.org/object-is/-/object-is-1.0.1.tgz. Extracting by manifest.
69 silly tarball no local data for oauth-sign@https://registry.npmjs.org/oauth-sign/-/oauth-sign-0.9.0.tgz. Extracting by manifest.
70 silly tarball no local data for nock@https://registry.npmjs.org/nock/-/nock-10.0.6.tgz. Extracting by manifest.
71 silly tarball no local data for neo-async@https://registry.npmjs.org/neo-async/-/neo-async-2.6.1.tgz. Extracting by manifest.
72 silly tarball no local data for mkdirp@https://registry.npmjs.org/mkdirp/-/mkdirp-0.5.5.tgz. Extracting by manifest.
73 silly tarball no local data for lodash@https://registry.npmjs.org/lodash/-/lodash-4.17.21.tgz. Extracting by manifest.
74 silly tarball no local data for jsprim@https://registry.npmjs.org/jsprim/-/jsprim-1.4.2.tgz. Extracting by manifest.
75 silly tarball no local data for json-stringify-safe@https://registry.npmjs.org/json-stringify-safe/-/json-stringify-safe-5.0.1.tgz. Extracting by manifest.
76 silly tarball no local data for json-schema-traverse@https://registry.npmjs.org/json-schema-traverse/-/json-schema-traverse-0.4.1.tgz. Extracting by manifest.
77 silly tarball no local data for json-schema@https://registry.npmjs.org/json-schema/-/json-schema-0.4.0.tgz. Extracting by manifest.
78 silly tarball no local data for jsbn@https://registry.npmjs.org/jsbn/-/jsbn-0.1.1.tgz. Extracting by manifest.
79 silly tarball no local data for isstream@https://registry.npmjs.org/isstream/-/isstream-0.1.2.tgz. Extracting by manifest.
80 silly tarball no local data for is-regex@https://registry.npmjs.org/is-regex/-/is-regex-1.0.4.tgz. Extracting by manifest.
81 silly tarball no local data for is-date-object@https://registry.npmjs.org/is-date-object/-/is-date-object-1.0.1.tgz. Extracting by manifest.
82 silly tarball no local data for is-arguments@https://registry.npmjs.org/is-arguments/-/is-arguments-1.0.4.tgz. Extracting by manifest.
83 silly tarball no local data for inherits@https://registry.npmjs.org/inherits/-/inherits-2.0.4.tgz. Extracting by manifest.
84 silly tarball no local data for http-signature@https://registry.npmjs.org/http-signature/-/http-signature-1.2.0.tgz. Extracting by manifest.
85 silly tarball no local data for has@https://registry.npmjs.org/has/-/has-1.0.3.tgz. Extracting by manifest.
86 silly tarball no local data for har-validator@https://registry.npmjs.org/har-validator/-/har-validator-5.1.3.tgz. Extracting by manifest.
87 silly tarball no local data for har-schema@https://registry.npmjs.org/har-schema/-/har-schema-2.0.0.tgz. Extracting by manifest.
88 silly tarball no local data for handlebars@https://registry.npmjs.org/handlebars/-/handlebars-4.7.7.tgz. Extracting by manifest.
89 silly tarball no local data for getpass@https://registry.npmjs.org/getpass/-/getpass-0.1.7.tgz. Extracting by manifest.
90 silly tarball no local data for function-bind@https://registry.npmjs.org/function-bind/-/function-bind-1.1.1.tgz. Extracting by manifest.
91 silly tarball no local data for forever-agent@https://registry.npmjs.org/forever-agent/-/forever-agent-0.6.1.tgz. Extracting by manifest.
92 silly tarball no local data for fast-json-stable-stringify@https://registry.npmjs.org/fast-json-stable-stringify/-/fast-json-stable-stringify-2.1.0.tgz. Extracting by manifest.
93 silly tarball no local data for fast-deep-equal@https://registry.npmjs.org/fast-deep-equal/-/fast-deep-equal-3.1.1.tgz. Extracting by manifest.
94 silly tarball no local data for extsprintf@https://registry.npmjs.org/extsprintf/-/extsprintf-1.3.0.tgz. Extracting by manifest.
95 silly tarball no local data for express-handlebars@https://registry.npmjs.org/express-handlebars/-/express-handlebars-6.0.2.tgz. Extracting by manifest.
96 silly tarball no local data for ecc-jsbn@https://registry.npmjs.org/ecc-jsbn/-/ecc-jsbn-0.1.2.tgz. Extracting by manifest.
97 silly tarball no local data for define-properties@https://registry.npmjs.org/define-properties/-/define-properties-1.1.3.tgz. Extracting by manifest.
98 silly tarball no local data for deep-equal@https://registry.npmjs.org/deep-equal/-/deep-equal-1.1.0.tgz. Extracting by manifest.
99 silly tarball no local data for dashdash@https://registry.npmjs.org/dashdash/-/dashdash-1.14.1.tgz. Extracting by manifest.
100 silly tarball no local data for commander@https://registry.npmjs.org/commander/-/commander-2.20.3.tgz. Extracting by manifest.
101 silly tarball no local data for caseless@https://registry.npmjs.org/caseless/-/caseless-0.12.0.tgz. Extracting by manifest.
102 silly tarball no local data for bcrypt-pbkdf@https://registry.npmjs.org/bcrypt-pbkdf/-/bcrypt-pbkdf-1.0.2.tgz. Extracting by manifest.
103 silly tarball no local data for aws4@https://registry.npmjs.org/aws4/-/aws4-1.9.1.tgz. Extracting by manifest.
104 silly tarball no local data for aws-sign2@https://registry.npmjs.org/aws-sign2/-/aws-sign2-0.7.0.tgz. Extracting by manifest.
105 silly tarball no local data for assert-plus@https://registry.npmjs.org/assert-plus/-/assert-plus-1.0.0.tgz. Extracting by manifest.
106 silly tarball no local data for asn1@https://registry.npmjs.org/asn1/-/asn1-0.2.4.tgz. Extracting by manifest.
107 silly tarball no local data for ajv@https://registry.npmjs.org/ajv/-/ajv-6.12.6.tgz. Extracting by manifest.
108 silly tarball no local data for qs@https://registry.npmjs.org/qs/-/qs-6.5.2.tgz. Extracting by manifest.
109 silly tarball no local data for form-data@https://registry.npmjs.org/form-data/-/form-data-2.3.3.tgz. Extracting by manifest.
110 silly tarball no local data for debug@https://registry.npmjs.org/debug/-/debug-4.1.1.tgz. Extracting by manifest.
111 http fetch POST 200 https://registry.npmjs.org/-/npm/v1/security/advisories/bulk 1447ms
112 timing auditReport:getReport Completed in 1456ms
113 silly audit report {
113 silly audit report   qs: [
113 silly audit report     {
113 silly audit report       id: 1090135,
113 silly audit report       url: 'https://github.com/advisories/GHSA-hrpp-h998-j3pp',
113 silly audit report       title: 'qs vulnerable to Prototype Pollution',
113 silly audit report       severity: 'high',
113 silly audit report       vulnerable_versions: '>=6.5.0 <6.5.3',
113 silly audit report       cwe: [Array],
113 silly audit report       cvss: [Object]
113 silly audit report     },
113 silly audit report     {
113 silly audit report       id: 1090137,
113 silly audit report       url: 'https://github.com/advisories/GHSA-hrpp-h998-j3pp',
113 silly audit report       title: 'qs vulnerable to Prototype Pollution',
113 silly audit report       severity: 'high',
113 silly audit report       vulnerable_versions: '>=6.7.0 <6.7.3',
113 silly audit report       cwe: [Array],
113 silly audit report       cvss: [Object]
113 silly audit report     },
113 silly audit report     {
113 silly audit report       id: 1090138,
113 silly audit report       url: 'https://github.com/advisories/GHSA-hrpp-h998-j3pp',
113 silly audit report       title: 'qs vulnerable to Prototype Pollution',
113 silly audit report       severity: 'high',
113 silly audit report       vulnerable_versions: '>=6.8.0 <6.8.3',
113 silly audit report       cwe: [Array],
113 silly audit report       cvss: [Object]
113 silly audit report     }
113 silly audit report   ],
113 silly audit report   cookiejar: [
113 silly audit report     {
113 silly audit report       id: 1088659,
113 silly audit report       url: 'https://github.com/advisories/GHSA-h452-7996-h45h',
113 silly audit report       title: 'cookiejar Regular Expression Denial of Service via Cookie.parse function',
113 silly audit report       severity: 'moderate',
113 silly audit report       vulnerable_versions: '<2.1.4',
113 silly audit report       cwe: [Array],
113 silly audit report       cvss: [Object]
113 silly audit report     }
113 silly audit report   ],
113 silly audit report   json5: [
113 silly audit report     {
113 silly audit report       id: 1091148,
113 silly audit report       url: 'https://github.com/advisories/GHSA-9c47-m6qq-7p4h',
113 silly audit report       title: 'Prototype Pollution in JSON5 via Parse Method',
113 silly audit report       severity: 'high',
113 silly audit report       vulnerable_versions: '>=2.0.0 <2.2.2',
113 silly audit report       cwe: [Array],
113 silly audit report       cvss: [Object]
113 silly audit report     }
113 silly audit report   ],
113 silly audit report   minimatch: [
113 silly audit report     {
113 silly audit report       id: 1091174,
113 silly audit report       url: 'https://github.com/advisories/GHSA-f8q6-p94x-37v3',
113 silly audit report       title: 'minimatch ReDoS vulnerability',
113 silly audit report       severity: 'high',
113 silly audit report       vulnerable_versions: '<3.0.5',
113 silly audit report       cwe: [Array],
113 silly audit report       cvss: [Object]
113 silly audit report     }
113 silly audit report   ]
113 silly audit report }
114 timing metavuln:cache:get:security-advisory:qs:rrWPBAw3evG2xU9T8UyCv5viKIoR1JsbUEXw4ObDb4ps1TxGju6VExbVAauDHeMk5nIqSMMMCx1BPSkPMao6zg== Completed in 102ms
115 timing metavuln:cache:get:security-advisory:qs:5YfNm966GbxTXuFNTEY+Y5maNecqD28JXWIMAZJ7rvKweRs2/Epcfx96rSbeb5OdXQVx2gyho/vu+hYKMw34VQ== Completed in 100ms
116 timing reifyNode:node_modules/wrappy Completed in 1649ms
117 timing reifyNode:node_modules/wrap-ansi Completed in 1650ms
118 timing reifyNode:node_modules/toidentifier Completed in 1648ms
119 timing reifyNode:node_modules/to-fast-properties Completed in 1648ms
120 timing reifyNode:node_modules/shebang-command Completed in 1649ms
121 timing reifyNode:node_modules/process-nextick-args Completed in 1648ms
122 timing reifyNode:node_modules/path-is-absolute Completed in 1647ms
123 timing reifyNode:node_modules/package-hash Completed in 1647ms
124 timing reifyNode:node_modules/once Completed in 1643ms
125 timing reifyNode:node_modules/normalize-path Completed in 1643ms
126 timing reifyNode:node_modules/ms Completed in 1643ms
127 timing reifyNode:node_modules/lodash.flattendeep Completed in 1643ms
128 timing reifyNode:node_modules/is-windows Completed in 1643ms
129 timing reifyNode:node_modules/is-number Completed in 1643ms
130 timing reifyNode:node_modules/is-extglob Completed in 1643ms
131 timing reifyNode:node_modules/inflight Completed in 1643ms
132 timing reifyNode:node_modules/imurmurhash Completed in 1642ms
133 timing reifyNode:node_modules/find-cache-dir Completed in 1642ms
134 timing reifyNode:node_modules/escape-html Completed in 1641ms
135 timing reifyNode:node_modules/ee-first Completed in 1641ms
136 timing reifyNode:node_modules/destroy Completed in 1642ms
137 timing reifyNode:node_modules/decamelize Completed in 1642ms
138 timing reifyNode:node_modules/convert-source-map Completed in 1643ms
139 timing reifyNode:node_modules/color-name Completed in 1644ms
140 timing reifyNode:node_modules/caching-transform Completed in 1644ms
141 timing reifyNode:node_modules/browser-stdout Completed in 1644ms
142 timing reifyNode:node_modules/brace-expansion Completed in 1645ms
143 timing reifyNode:node_modules/array-flatten Completed in 1644ms
144 timing reifyNode:node_modules/send/node_modules/debug/node_modules/ms Completed in 1722ms
145 timing reifyNode:node_modules/nyc/node_modules/wrap-ansi Completed in 1713ms
146 timing reifyNode:node_modules/mocha/node_modules/ms Completed in 1713ms
147 timing reifyNode:node_modules/mocha/node_modules/debug/node_modules/ms Completed in 1713ms
148 timing reifyNode:node_modules/istanbul-lib-source-maps/node_modules/ms Completed in 1710ms
149 timing reifyNode:node_modules/finalhandler/node_modules/ms Completed in 1704ms
150 timing reifyNode:node_modules/express/node_modules/ms Completed in 1702ms
151 timing reifyNode:node_modules/body-parser/node_modules/ms Completed in 1698ms
152 timing reifyNode:node_modules/@babel/traverse/node_modules/ms Completed in 1691ms
153 timing reifyNode:node_modules/@babel/highlight/node_modules/has-flag Completed in 1691ms
154 timing reifyNode:node_modules/@babel/highlight/node_modules/escape-string-regexp Completed in 1691ms
155 timing reifyNode:node_modules/@babel/highlight/node_modules/ansi-styles Completed in 1692ms
156 timing reifyNode:node_modules/@babel/core/node_modules/ms Completed in 1691ms
157 timing reifyNode:node_modules/yocto-queue Completed in 1739ms
158 timing reifyNode:node_modules/which-module Completed in 1737ms
159 timing reifyNode:node_modules/vary Completed in 1737ms
160 timing reifyNode:node_modules/utils-merge Completed in 1737ms
161 timing reifyNode:node_modules/unpipe Completed in 1737ms
162 timing reifyNode:node_modules/type-is Completed in 1736ms
163 timing reifyNode:node_modules/to-regex-range Completed in 1736ms
164 timing reifyNode:node_modules/supports-color Completed in 1736ms
165 timing reifyNode:node_modules/strip-json-comments Completed in 1736ms
166 timing reifyNode:node_modules/strip-bom Completed in 1736ms
167 timing reifyNode:node_modules/strip-ansi Completed in 1736ms
168 timing reifyNode:node_modules/string-width Completed in 1737ms
169 timing reifyNode:node_modules/signal-exit Completed in 1736ms
170 timing reifyNode:node_modules/shebang-regex Completed in 1737ms
171 timing reifyNode:node_modules/set-blocking Completed in 1737ms
172 timing reifyNode:node_modules/serialize-javascript Completed in 1737ms
173 timing reifyNode:node_modules/resolve-from Completed in 1737ms
174 timing reifyNode:node_modules/require-main-filename Completed in 1737ms
175 timing reifyNode:node_modules/range-parser Completed in 1737ms
176 timing reifyNode:node_modules/process-on-spawn Completed in 1736ms
177 timing reifyNode:node_modules/pkg-dir Completed in 1736ms
178 timing reifyNode:node_modules/path-to-regexp Completed in 1736ms
179 timing reifyNode:node_modules/path-key Completed in 1735ms
180 timing reifyNode:node_modules/path-exists Completed in 1735ms
181 timing reifyNode:node_modules/parseurl Completed in 1735ms
182 timing reifyNode:node_modules/p-try Completed in 1735ms
183 timing reifyNode:node_modules/p-map Completed in 1736ms
184 timing reifyNode:node_modules/p-locate Completed in 1736ms
185 timing reifyNode:node_modules/p-limit Completed in 1732ms
186 timing reifyNode:node_modules/on-finished Completed in 1731ms
187 timing reifyNode:node_modules/mime-types Completed in 1730ms
188 timing reifyNode:node_modules/methods Completed in 1730ms
189 timing reifyNode:node_modules/merge-descriptors Completed in 1729ms
190 timing reifyNode:node_modules/media-typer Completed in 1729ms
191 timing reifyNode:node_modules/make-dir Completed in 1730ms
192 timing reifyNode:node_modules/locate-path Completed in 1730ms
193 timing reifyNode:node_modules/is-unicode-supported Completed in 1729ms
194 timing reifyNode:node_modules/is-typedarray Completed in 1729ms
195 timing reifyNode:node_modules/is-stream Completed in 1729ms
196 timing reifyNode:node_modules/is-plain-obj Completed in 1729ms
197 timing reifyNode:node_modules/is-glob Completed in 1728ms
198 timing reifyNode:node_modules/is-fullwidth-code-point Completed in 1728ms
199 timing reifyNode:node_modules/is-binary-path Completed in 1729ms
200 timing reifyNode:node_modules/indent-string Completed in 1728ms
201 timing reifyNode:node_modules/has-flag Completed in 1729ms
202 timing reifyNode:node_modules/glob-parent Completed in 1729ms
203 timing reifyNode:node_modules/get-func-name Completed in 1730ms
204 timing reifyNode:node_modules/fromentries Completed in 1729ms
205 timing reifyNode:node_modules/fresh Completed in 1730ms
206 timing reifyNode:node_modules/forwarded Completed in 1730ms
207 timing reifyNode:node_modules/find-up Completed in 1730ms
208 timing reifyNode:node_modules/finalhandler Completed in 1730ms
209 timing reifyNode:node_modules/fill-range Completed in 1729ms
210 timing reifyNode:node_modules/etag Completed in 1729ms
211 timing reifyNode:node_modules/escape-string-regexp Completed in 1729ms
212 timing reifyNode:node_modules/encodeurl Completed in 1731ms
213 timing reifyNode:node_modules/default-require-extensions Completed in 1731ms
214 timing reifyNode:node_modules/cookiejar Completed in 1730ms
215 timing reifyNode:node_modules/cookie-signature Completed in 1730ms
216 timing reifyNode:node_modules/content-type Completed in 1730ms
217 timing reifyNode:node_modules/component-emitter Completed in 1730ms
218 timing reifyNode:node_modules/clean-stack Completed in 1731ms
219 timing reifyNode:node_modules/camelcase Completed in 1730ms
220 timing reifyNode:node_modules/bytes Completed in 1731ms
221 timing reifyNode:node_modules/balanced-match Completed in 1729ms
222 timing reifyNode:node_modules/assertion-error Completed in 1729ms
223 timing reifyNode:node_modules/append-transform Completed in 1729ms
224 timing reifyNode:node_modules/anymatch Completed in 1729ms
225 timing reifyNode:node_modules/ansi-regex Completed in 1729ms
226 timing reifyNode:node_modules/aggregate-error Completed in 1730ms
227 timing reifyNode:node_modules/accepts Completed in 1730ms
228 timing reifyNode:node_modules/@babel/highlight Completed in 1724ms
229 timing reifyNode:node_modules/@babel/helper-split-export-declaration Completed in 1724ms
230 timing reifyNode:node_modules/@babel/helper-simple-access Completed in 1725ms
231 timing reifyNode:node_modules/@babel/helper-hoist-variables Completed in 1724ms
232 timing reifyNode:node_modules/@babel/helper-get-function-arity Completed in 1724ms
233 timing reifyNode:node_modules/@babel/helper-function-name Completed in 1724ms
234 timing reifyNode:node_modules/@babel/helper-environment-visitor Completed in 1725ms
235 timing reifyNode:node_modules/@babel/code-frame Completed in 1724ms
236 timing reifyNode:node_modules/yargs-unparser/node_modules/decamelize Completed in 1809ms
237 timing reifyNode:node_modules/yargs-unparser/node_modules/camelcase Completed in 1809ms
238 timing reifyNode:node_modules/pkg-dir/node_modules/p-locate Completed in 1801ms
239 timing reifyNode:node_modules/pkg-dir/node_modules/p-limit Completed in 1800ms
240 timing reifyNode:node_modules/pkg-dir/node_modules/locate-path Completed in 1800ms
241 timing reifyNode:node_modules/pkg-dir/node_modules/find-up Completed in 1800ms
242 timing reifyNode:node_modules/nyc/node_modules/y18n Completed in 1794ms
243 timing reifyNode:node_modules/nyc/node_modules/p-locate Completed in 1794ms
244 timing reifyNode:node_modules/nyc/node_modules/p-limit Completed in 1796ms
245 timing reifyNode:node_modules/nyc/node_modules/locate-path Completed in 1796ms
246 timing reifyNode:node_modules/nyc/node_modules/find-up Completed in 1796ms
247 timing reifyNode:node_modules/istanbul-lib-report/node_modules/supports-color Completed in 1792ms
248 timing reifyNode:node_modules/http-errors/node_modules/inherits Completed in 1789ms
249 timing reifyNode:node_modules/chalk/node_modules/supports-color Completed in 1780ms
250 timing reifyNode:node_modules/@istanbuljs/load-nyc-config/node_modules/p-locate Completed in 1772ms
251 timing reifyNode:node_modules/@istanbuljs/load-nyc-config/node_modules/p-limit Completed in 1772ms
252 timing reifyNode:node_modules/@istanbuljs/load-nyc-config/node_modules/locate-path Completed in 1773ms
253 timing reifyNode:node_modules/@istanbuljs/load-nyc-config/node_modules/find-up Completed in 1773ms
254 timing reifyNode:node_modules/@babel/highlight/node_modules/supports-color Completed in 1772ms
255 timing reifyNode:node_modules/yargs-unparser Completed in 1818ms
256 timing reifyNode:node_modules/write-file-atomic Completed in 1818ms
257 timing reifyNode:node_modules/util-deprecate Completed in 1816ms
258 timing reifyNode:node_modules/proxy-addr Completed in 1812ms
259 timing reifyNode:node_modules/pathval Completed in 1812ms
260 timing reifyNode:node_modules/minimatch Completed in 1806ms
261 timing reifyNode:node_modules/js-tokens Completed in 1804ms
262 timing reifyNode:node_modules/http-errors Completed in 1803ms
263 timing reifyNode:node_modules/get-caller-file Completed in 1802ms
264 timing reifyNode:node_modules/fs.realpath Completed in 1802ms
265 timing reifyNode:node_modules/foreground-child Completed in 1801ms
266 timing reifyNode:node_modules/log-symbols Completed in 1812ms
267 timing reifyNode:node_modules/cookie Completed in 1800ms
268 timing reifyNode:node_modules/combined-stream Completed in 1800ms
269 timing reifyNode:node_modules/ansi-styles Completed in 1798ms
270 timing reifyNode:node_modules/@istanbuljs/load-nyc-config Completed in 1793ms
271 timing reifyNode:node_modules/which Completed in 1873ms
272 timing reifyNode:node_modules/supertest Completed in 1871ms
273 timing reifyNode:node_modules/string_decoder Completed in 1871ms
274 timing reifyNode:node_modules/setprototypeof Completed in 1871ms
275 timing reifyNode:node_modules/serve-static Completed in 1871ms
276 timing reifyNode:node_modules/safe-buffer Completed in 1871ms
277 timing reifyNode:node_modules/readdirp Completed in 1870ms
278 timing reifyNode:node_modules/picocolors Completed in 1869ms
279 timing reifyNode:node_modules/istanbul-lib-processinfo Completed in 1859ms
280 timing reifyNode:node_modules/hasha Completed in 1857ms
281 timing reifyNode:node_modules/globals Completed in 1856ms
282 timing reifyNode:node_modules/delayed-stream Completed in 1854ms
283 timing reifyNode:node_modules/content-disposition Completed in 1854ms
284 timing reifyNode:node_modules/check-error Completed in 1854ms
285 timing reifyNode:node_modules/binary-extensions Completed in 1853ms
286 timing reifyNode:node_modules/@istanbuljs/schema Completed in 1847ms
287 timing reifyNode:node_modules/@babel/helper-validator-option Completed in 1847ms
288 timing reifyNode:node_modules/nyc/node_modules/cliui Completed in 1953ms
289 timing reifyNode:node_modules/@babel/highlight/node_modules/color-name Completed in 1928ms
290 timing reifyNode:node_modules/typedarray-to-buffer Completed in 1973ms
291 timing reifyNode:node_modules/type-detect Completed in 1973ms
292 timing reifyNode:node_modules/send Completed in 1973ms
293 timing reifyNode:node_modules/rimraf Completed in 1972ms
294 timing reifyNode:node_modules/require-directory Completed in 1972ms
295 timing reifyNode:node_modules/raw-body Completed in 1972ms
296 timing reifyNode:node_modules/randombytes Completed in 1971ms
297 timing reifyNode:node_modules/isarray Completed in 1961ms
298 timing reifyNode:node_modules/commondir Completed in 1955ms
299 timing reifyNode:node_modules/statuses Completed in 2040ms
300 timing reifyNode:node_modules/istanbul-lib-hook Completed in 2026ms
301 timing reifyNode:node_modules/get-package-type Completed in 2023ms
302 timing reifyNode:node_modules/deep-eql Completed in 2019ms
303 timing reifyNode:node_modules/core-util-is Completed in 2019ms
304 timing reifyNode:node_modules/concat-map Completed in 2018ms
305 timing reifyNode:node_modules/color-convert Completed in 2018ms
306 timing reifyNode:node_modules/ansi-colors Completed in 2015ms
307 timing reifyNode:node_modules/@babel/helper-validator-identifier Completed in 2010ms
308 timing reifyNode:node_modules/mocha/node_modules/debug Completed in 2070ms
309 timing reifyNode:node_modules/istanbul-lib-source-maps/node_modules/debug Completed in 2066ms
310 timing reifyNode:node_modules/@babel/traverse/node_modules/debug Completed in 2046ms
311 timing reifyNode:node_modules/@babel/highlight/node_modules/color-convert Completed in 2045ms
312 timing reifyNode:node_modules/@babel/core/node_modules/debug Completed in 2044ms
313 timing reifyNode:node_modules/test-exclude Completed in 2087ms
314 timing reifyNode:node_modules/safer-buffer Completed in 2088ms
315 timing reifyNode:node_modules/release-zalgo Completed in 2087ms
316 timing reifyNode:node_modules/isexe Completed in 2077ms
317 timing reifyNode:node_modules/graceful-fs Completed in 2077ms
318 timing reifyNode:node_modules/flat Completed in 2074ms
319 timing reifyNode:node_modules/extend Completed in 2074ms
320 timing reifyNode:node_modules/es6-error Completed in 2073ms
321 timing reifyNode:node_modules/@ungap/promise-all-settled Completed in 2063ms
322 timing reifyNode:node_modules/@babel/helper-module-imports Completed in 2063ms
323 timing metavuln:cache:get:security-advisory:qs:5JfVCrV4+n++/kE/U6tbz1htdIKthjszBZ/3DGOpXr4TrS2TWdskvqnfC0J2bHwpFaV2XKOnUs/VJfDAqg7rVw== Completed in 664ms
324 timing metavuln:cache:get:security-advisory:cookiejar:20tDwH6fYKn++PbMnx2tUulmtbaV/gdoUXXQX3IJ8Qzg+tx34k0HmLCCRQ68aR/TWyVmR5LbQdagWrak8dhhtw== Completed in 664ms
325 timing metavuln:cache:get:security-advisory:json5:FewZk+r3gkr+fV8uxXGDeSUz6U/7loNmzSPStafhi2HfxbrTr6+c3xvaqFCGJ9GwgOajYr1Jm+TkOPENfRkOPw== Completed in 664ms
326 timing metavuln:cache:get:security-advisory:minimatch:S5+Js3meY0qRszNElkXnCazKgbbbzGIyrG7ktvG3xQfp8dnhcBxsD5WFYwD/IyJDHetpiaS9EtV2pvsSOwZcTg== Completed in 663ms
327 timing reifyNode:node_modules/@babel/highlight/node_modules/chalk Completed in 2099ms
328 timing reifyNode:node_modules/negotiator Completed in 2129ms
329 timing reifyNode:node_modules/ipaddr.js Completed in 2126ms
330 timing reifyNode:node_modules/glob Completed in 2125ms
331 timing reifyNode:node_modules/gensync Completed in 2125ms
332 timing reifyNode:node_modules/form-data Completed in 2124ms
333 timing reifyNode:node_modules/escalade Completed in 2122ms
334 timing reifyNode:node_modules/chalk Completed in 2120ms
335 timing reifyNode:node_modules/node-releases Completed in 2171ms
336 timing reifyNode:node_modules/jsesc Completed in 2168ms
337 timing reifyNode:node_modules/emoji-regex Completed in 2159ms
338 timing reifyNode:node_modules/cross-spawn Completed in 2158ms
339 timing reifyNode:node_modules/archy Completed in 2154ms
340 timing reifyNode:node_modules/@babel/helper-compilation-targets Completed in 2147ms
341 timing reifyNode:node_modules/node-preload Completed in 2199ms
342 timing reifyNode:node_modules/@babel/helper-module-transforms Completed in 2178ms
343 timing reifyNode:node_modules/nyc/node_modules/yargs-parser Completed in 2225ms
344 timing reifyNode:node_modules/make-dir/node_modules/semver Completed in 2222ms
345 timing reifyNode:node_modules/istanbul-lib-instrument/node_modules/semver Completed in 2220ms
346 timing reifyNode:node_modules/@babel/core/node_modules/semver Completed in 2198ms
347 timing reifyNode:node_modules/@babel/helper-compilation-targets/node_modules/semver Completed in 2198ms
348 timing reifyNode:node_modules/y18n Completed in 2244ms
349 timing reifyNode:node_modules/cliui Completed in 2216ms
350 timing reifyNode:node_modules/@jridgewell/sourcemap-codec Completed in 2208ms
351 timing reifyNode:node_modules/@jridgewell/resolve-uri Completed in 2208ms
352 timing reifyNode:node_modules/@babel/template Completed in 2208ms
353 timing reifyNode:node_modules/mime Completed in 2255ms
354 timing reifyNode:node_modules/istanbul-lib-coverage Completed in 2253ms
355 timing reifyNode:node_modules/html-escaper Completed in 2251ms
356 timing reifyNode:node_modules/istanbul-lib-source-maps Completed in 2288ms
357 timing reifyNode:node_modules/istanbul-lib-report Completed in 2287ms
358 timing reifyNode:node_modules/he Completed in 2285ms
359 timing reifyNode:node_modules/growl Completed in 2284ms
360 timing reifyNode:node_modules/debug Completed in 2278ms
361 timing reifyNode:node_modules/braces Completed in 2276ms
362 timing reifyNode:node_modules/istanbul-lib-instrument Completed in 2320ms
363 timing reifyNode:node_modules/browserslist Completed in 2309ms
364 timing reifyNode:node_modules/@jridgewell/trace-mapping Completed in 2300ms
365 http fetch GET 200 https://registry.npmjs.org/json-schema/-/json-schema-0.4.0.tgz 1991ms (cache miss)
366 timing reifyNode:node_modules/json-schema Completed in 2347ms
367 http fetch GET 200 https://registry.npmjs.org/has/-/has-1.0.3.tgz 1978ms (cache miss)
368 timing reifyNode:node_modules/has Completed in 2344ms
369 http fetch GET 200 https://registry.npmjs.org/har-validator/-/har-validator-5.1.3.tgz 1976ms (cache miss)
370 timing reifyNode:node_modules/har-validator Completed in 2345ms
371 timing reifyNode:node_modules/picomatch Completed in 2368ms
372 timing reifyNode:node_modules/mime-db Completed in 2360ms
373 timing reifyNode:node_modules/depd Completed in 2349ms
374 timing reifyNode:node_modules/chokidar Completed in 2346ms
375 timing reifyNode:node_modules/body-parser Completed in 2346ms
376 timing reifyNode:node_modules/argparse Completed in 2345ms
377 http fetch GET 200 https://registry.npmjs.org/object-keys/-/object-keys-1.1.1.tgz 2039ms (cache miss)
378 http fetch GET 200 https://registry.npmjs.org/object-is/-/object-is-1.0.1.tgz 2038ms (cache miss)
379 timing reifyNode:node_modules/object-is Completed in 2373ms
380 http fetch GET 200 https://registry.npmjs.org/propagate/-/propagate-1.0.0.tgz 2044ms (cache miss)
381 timing reifyNode:node_modules/propagate Completed in 2380ms
382 http fetch GET 200 https://registry.npmjs.org/isstream/-/isstream-0.1.2.tgz 2011ms (cache miss)
383 http fetch GET 200 https://registry.npmjs.org/fast-deep-equal/-/fast-deep-equal-3.1.1.tgz 1970ms (cache miss)
384 timing reifyNode:node_modules/yargs-parser Completed in 2403ms
385 http fetch GET 200 https://registry.npmjs.org/tunnel-agent/-/tunnel-agent-0.6.0.tgz 2081ms (cache miss)
386 timing reifyNode:node_modules/tunnel-agent Completed in 2404ms
387 http fetch GET 200 https://registry.npmjs.org/mkdirp/-/mkdirp-0.5.5.tgz 2053ms (cache miss)
388 timing reifyNode:node_modules/mkdirp Completed in 2391ms
389 timing reifyNode:node_modules/isstream Completed in 2390ms
390 http fetch GET 200 https://registry.npmjs.org/is-regex/-/is-regex-1.0.4.tgz 2030ms (cache miss)
391 http fetch GET 200 https://registry.npmjs.org/inherits/-/inherits-2.0.4.tgz 2026ms (cache miss)
392 timing reifyNode:node_modules/inherits Completed in 2390ms
393 timing reifyNode:node_modules/@babel/compat-data Completed in 2379ms
394 http fetch GET 200 https://registry.npmjs.org/qs 981ms (cache hit)
395 timing metavuln:packument:qs Completed in 985ms
396 timing metavuln:load:security-advisory:qs:1090135 Completed in 6ms
397 timing metavuln:load:security-advisory:qs:1090137 Completed in 1ms
398 timing metavuln:calculate:security-advisory:qs:1090137 Completed in 991ms
399 timing metavuln:load:security-advisory:qs:1090138 Completed in 5ms
400 http fetch GET 200 https://registry.npmjs.org/cookiejar 996ms (cache hit)
401 timing metavuln:packument:cookiejar Completed in 996ms
402 timing metavuln:load:security-advisory:cookiejar:1088659 Completed in 1ms
403 timing metavuln:calculate:security-advisory:cookiejar:1088659 Completed in 998ms
404 http fetch GET 200 https://registry.npmjs.org/json5 996ms (cache hit)
405 timing metavuln:packument:json5 Completed in 998ms
406 timing metavuln:load:security-advisory:json5:1091148 Completed in 1ms
407 timing metavuln:calculate:security-advisory:json5:1091148 Completed in 999ms
408 http fetch GET 200 https://registry.npmjs.org/minimatch 998ms (cache hit)
409 timing metavuln:packument:minimatch Completed in 1000ms
410 timing metavuln:load:security-advisory:minimatch:1091174 Completed in 1ms
411 timing metavuln:calculate:security-advisory:minimatch:1091174 Completed in 1002ms
412 http fetch GET 200 https://registry.npmjs.org/punycode/-/punycode-2.1.1.tgz 2109ms (cache miss)
413 timing reifyNode:node_modules/punycode Completed in 2444ms
414 http fetch GET 200 https://registry.npmjs.org/jsbn/-/jsbn-0.1.1.tgz 2080ms (cache miss)
415 timing reifyNode:node_modules/jsbn Completed in 2438ms
416 http fetch GET 200 https://registry.npmjs.org/function-bind/-/function-bind-1.1.1.tgz 2044ms (cache miss)
417 http fetch GET 200 https://registry.npmjs.org/extsprintf/-/extsprintf-1.3.0.tgz 2034ms (cache miss)
418 timing reifyNode:node_modules/asynckit Completed in 2438ms
419 timing reifyNode:node_modules/object-keys Completed in 2464ms
420 http fetch GET 200 https://registry.npmjs.org/oauth-sign/-/oauth-sign-0.9.0.tgz 2130ms (cache miss)
421 timing reifyNode:node_modules/oauth-sign Completed in 2465ms
422 http fetch GET 200 https://registry.npmjs.org/is-date-object/-/is-date-object-1.0.1.tgz 2097ms (cache miss)
423 http fetch GET 200 https://registry.npmjs.org/getpass/-/getpass-0.1.7.tgz 2084ms (cache miss)
424 timing reifyNode:node_modules/getpass Completed in 2456ms
425 http fetch GET 200 https://registry.npmjs.org/caseless/-/caseless-0.12.0.tgz 2039ms (cache miss)
426 timing reifyNode:node_modules/caseless Completed in 2452ms
427 timing reifyNode:node_modules/@ampproject/remapping Completed in 2445ms
428 http fetch GET 200 https://registry.npmjs.org/regexp.prototype.flags/-/regexp.prototype.flags-1.2.0.tgz 2155ms (cache miss)
429 http fetch GET 200 https://registry.npmjs.org/json-stringify-safe/-/json-stringify-safe-5.0.1.tgz 2135ms (cache miss)
430 timing reifyNode:node_modules/is-regex Completed in 2475ms
431 http fetch GET 200 https://registry.npmjs.org/is-arguments/-/is-arguments-1.0.4.tgz 2112ms (cache miss)
432 http fetch GET 200 https://registry.npmjs.org/forever-agent/-/forever-agent-0.6.1.tgz 2079ms (cache miss)
433 timing reifyNode:node_modules/forever-agent Completed in 2471ms
434 http fetch GET 200 https://registry.npmjs.org/aws-sign2/-/aws-sign2-0.7.0.tgz 2048ms (cache miss)
435 timing reifyNode:node_modules/aws-sign2 Completed in 2467ms
436 http fetch GET 200 https://registry.npmjs.org/asn1/-/asn1-0.2.4.tgz 2046ms (cache miss)
437 timing reifyNode:node_modules/send/node_modules/debug Completed in 2507ms
438 timing reifyNode:node_modules/finalhandler/node_modules/debug Completed in 2486ms
439 timing reifyNode:node_modules/express/node_modules/debug Completed in 2485ms
440 timing reifyNode:node_modules/body-parser/node_modules/debug Completed in 2481ms
441 timing reifyNode:node_modules/spawn-wrap Completed in 2513ms
442 timing reifyNode:node_modules/is-arguments Completed in 2507ms
443 timing reifyNode:node_modules/function-bind Completed in 2504ms
444 timing reifyNode:node_modules/extsprintf Completed in 2503ms
445 timing reifyNode:node_modules/sprintf-js Completed in 2534ms
446 timing reifyNode:node_modules/formidable Completed in 2514ms
447 timing reifyNode:node_modules/electron-to-chromium Completed in 2511ms
448 timing reifyNode:node_modules/regexp.prototype.flags Completed in 2540ms
449 timing reifyNode:node_modules/json-stringify-safe Completed in 2531ms
450 timing reifyNode:node_modules/is-date-object Completed in 2529ms
451 http fetch GET 200 https://registry.npmjs.org/define-properties/-/define-properties-1.1.3.tgz 2116ms (cache miss)
452 timing reifyNode:node_modules/fast-deep-equal Completed in 2544ms
453 http fetch GET 200 https://registry.npmjs.org/commander/-/commander-2.20.3.tgz 2129ms (cache miss)
454 timing reifyNode:node_modules/asn1 Completed in 2539ms
455 timing reifyNode:node_modules/type-fest Completed in 2574ms
456 http fetch GET 200 https://registry.npmjs.org/jsprim/-/jsprim-1.4.2.tgz 2225ms (cache miss)
457 timing reifyNode:node_modules/jsprim Completed in 2567ms
458 timing reifyNode:node_modules/define-properties Completed in 2556ms
459 http fetch GET 200 https://registry.npmjs.org/aws4/-/aws4-1.9.1.tgz 2137ms (cache miss)
460 timing reifyNode:node_modules/aws4 Completed in 2553ms
461 http fetch GET 200 https://registry.npmjs.org/assert-plus/-/assert-plus-1.0.0.tgz 2133ms (cache miss)
462 timing reifyNode:node_modules/assert-plus Completed in 2553ms
463 timing reifyNode:node_modules/minimist Completed in 2578ms
464 timing reifyNode:node_modules/@babel/helpers Completed in 2555ms
465 http fetch GET 200 https://registry.npmjs.org/json-schema-traverse/-/json-schema-traverse-0.4.1.tgz 2229ms (cache miss)
466 timing reifyNode:node_modules/json-schema-traverse Completed in 2584ms
467 timing reifyNode:node_modules/commander Completed in 2577ms
468 timing reifyNode:node_modules/esprima Completed in 2585ms
469 http fetch GET 200 https://registry.npmjs.org/performance-now/-/performance-now-2.1.0.tgz 2281ms (cache miss)
470 http fetch GET 200 https://registry.npmjs.org/ecc-jsbn/-/ecc-jsbn-0.1.2.tgz 2193ms (cache miss)
471 timing reifyNode:node_modules/ecc-jsbn Completed in 2598ms
472 http fetch GET 200 https://registry.npmjs.org/deep-equal/-/deep-equal-1.1.0.tgz 2190ms (cache miss)
473 http fetch GET 200 https://registry.npmjs.org/verror/-/verror-1.10.0.tgz 2317ms (cache miss)
474 timing reifyNode:node_modules/verror Completed in 2634ms
475 http fetch GET 200 https://registry.npmjs.org/har-schema/-/har-schema-2.0.0.tgz 2244ms (cache miss)
476 http fetch GET 200 https://registry.npmjs.org/fast-json-stable-stringify/-/fast-json-stable-stringify-2.1.0.tgz 2227ms (cache miss)
477 timing reifyNode:node_modules/nanoid Completed in 2635ms
478 timing metavuln:cache:put:security-advisory:qs:rrWPBAw3evG2xU9T8UyCv5viKIoR1JsbUEXw4ObDb4ps1TxGju6VExbVAauDHeMk5nIqSMMMCx1BPSkPMao6zg== Completed in 221ms
479 timing metavuln:calculate:security-advisory:qs:1090135 Completed in 1213ms
480 http fetch GET 200 https://registry.npmjs.org/semver/-/semver-5.7.1.tgz 2321ms (cache miss)
481 timing reifyNode:node_modules/semver Completed in 2650ms
482 timing reifyNode:node_modules/performance-now Completed in 2648ms
483 timing reifyNode:node_modules/deep-equal Completed in 2627ms
484 timing reifyNode:node_modules/har-schema Completed in 2643ms
485 timing reifyNode:node_modules/express/node_modules/qs Completed in 2641ms
486 timing reifyNode:node_modules/body-parser/node_modules/qs Completed in 2635ms
487 timing metavuln:cache:put:security-advisory:qs:5YfNm966GbxTXuFNTEY+Y5maNecqD28JXWIMAZJ7rvKweRs2/Epcfx96rSbeb5OdXQVx2gyho/vu+hYKMw34VQ== Completed in 232ms
488 timing metavuln:calculate:security-advisory:qs:1090138 Completed in 1228ms
489 http fetch GET 200 https://registry.npmjs.org/wordwrap/-/wordwrap-1.0.0.tgz 2360ms (cache miss)
490 timing reifyNode:node_modules/wordwrap Completed in 2673ms
491 http fetch GET 200 https://registry.npmjs.org/http-signature/-/http-signature-1.2.0.tgz 2289ms (cache miss)
492 timing reifyNode:node_modules/http-signature Completed in 2653ms
493 timing reifyNode:node_modules/fast-json-stable-stringify Completed in 2648ms
494 http fetch GET 200 https://registry.npmjs.org/bcrypt-pbkdf/-/bcrypt-pbkdf-1.0.2.tgz 2228ms (cache miss)
495 timing reifyNode:node_modules/bcrypt-pbkdf Completed in 2642ms
496 timing reifyNode:node_modules/express Completed in 2652ms
497 timing metavuln:cache:get:security-advisory:request:j5R5kWuenf7USzMMt5mOnap3wv7OYpw/bw7POP266JCilFTwH+Ln4E0UPKlJZCxeR8o6ySaGZk60ftmC65z8Pg== Completed in 9ms
498 http fetch GET 200 https://registry.npmjs.org/tough-cookie/-/tough-cookie-2.5.0.tgz 2357ms (cache miss)
499 timing reifyNode:node_modules/tough-cookie Completed in 2682ms
500 timing reifyNode:node_modules/readable-stream Completed in 2689ms
501 timing reifyNode:node_modules/nyc Completed in 2681ms
502 timing reifyNode:node_modules/@babel/generator Completed in 2654ms
503 http fetch GET 200 https://registry.npmjs.org/uuid/-/uuid-3.3.3.tgz 2380ms (cache miss)
504 timing reifyNode:node_modules/uuid Completed in 2699ms
505 http fetch GET 200 https://registry.npmjs.org/debug/-/debug-4.1.1.tgz 2241ms (cache miss)
506 timing reifyNode:node_modules/json5 Completed in 2711ms
507 http fetch GET 200 https://registry.npmjs.org/dashdash/-/dashdash-1.14.1.tgz 2291ms (cache miss)
508 timing reifyNode:node_modules/dashdash Completed in 2702ms
509 timing reifyNode:node_modules/nock/node_modules/debug Completed in 2718ms
510 http fetch GET 200 https://registry.npmjs.org/qs/-/qs-6.5.2.tgz 2257ms (cache miss)
511 http fetch GET 200 https://registry.npmjs.org/form-data/-/form-data-2.3.3.tgz 2283ms (cache miss)
512 timing reifyNode:node_modules/request/node_modules/form-data Completed in 2761ms
513 timing reifyNode:node_modules/request/node_modules/qs Completed in 2762ms
514 timing reifyNode:node_modules/@istanbuljs/load-nyc-config/node_modules/argparse Completed in 2726ms
515 timing reifyNode:node_modules/iconv-lite Completed in 2753ms
516 timing reifyNode:node_modules/workerpool Completed in 2819ms
517 http fetch GET 200 https://registry.npmjs.org/qs/-/qs-6.8.0.tgz 2535ms (cache miss)
518 timing reifyNode:node_modules/qs Completed in 2868ms
519 http fetch GET 200 https://registry.npmjs.org/tweetnacl/-/tweetnacl-0.14.5.tgz 2560ms (cache miss)
520 timing reifyNode:node_modules/tweetnacl Completed in 2882ms
521 timing reifyNode:node_modules/superagent Completed in 2899ms
522 timing reifyNode:node_modules/@babel/traverse Completed in 2870ms
523 timing reifyNode:node_modules/js-yaml Completed in 2922ms
524 timing reifyNode:node_modules/diff Completed in 2911ms
525 timing reifyNode:node_modules/@babel/generator/node_modules/source-map Completed in 2929ms
526 timing reifyNode:node_modules/source-map Completed in 2978ms
527 http fetch GET 200 https://registry.npmjs.org/request/-/request-2.88.2.tgz 2654ms (cache miss)
528 timing reifyNode:node_modules/request Completed in 2984ms
529 timing reifyNode:node_modules/@istanbuljs/load-nyc-config/node_modules/js-yaml Completed in 2955ms
530 http fetch GET 200 https://registry.npmjs.org/nock/-/nock-10.0.6.tgz 2649ms (cache miss)
531 timing reifyNode:node_modules/nock Completed in 2985ms
532 http fetch GET 200 https://registry.npmjs.org/psl/-/psl-1.8.0.tgz 2665ms (cache miss)
533 timing reifyNode:node_modules/psl Completed in 3000ms
534 timing reifyNode:node_modules/nyc/node_modules/yargs Completed in 3021ms
535 http fetch GET 200 https://registry.npmjs.org/request 365ms (cache miss)
536 timing metavuln:packument:request Completed in 368ms
537 timing metavuln:load:security-advisory:request:rrWPBAw3evG2xU9T8UyCv5viKIoR1JsbUEXw4ObDb4ps1TxGju6VExbVAauDHeMk5nIqSMMMCx1BPSkPMao6zg== Completed in 19ms
538 timing reifyNode:node_modules/yargs Completed in 3083ms
539 http fetch GET 200 https://registry.npmjs.org/express-handlebars/-/express-handlebars-6.0.2.tgz 2664ms (cache miss)
540 timing reifyNode:node_modules/express-handlebars Completed in 3075ms
541 timing metavuln:cache:put:security-advisory:request:j5R5kWuenf7USzMMt5mOnap3wv7OYpw/bw7POP266JCilFTwH+Ln4E0UPKlJZCxeR8o6ySaGZk60ftmC65z8Pg== Completed in 50ms
542 timing metavuln:calculate:security-advisory:request:rrWPBAw3evG2xU9T8UyCv5viKIoR1JsbUEXw4ObDb4ps1TxGju6VExbVAauDHeMk5nIqSMMMCx1BPSkPMao6zg== Completed in 438ms
543 timing reifyNode:node_modules/chai Completed in 3095ms
544 http fetch GET 200 https://registry.npmjs.org/sshpk/-/sshpk-1.16.1.tgz 2800ms (cache miss)
545 timing reifyNode:node_modules/sshpk Completed in 3126ms
546 timing metavuln:cache:get:security-advisory:body-parser:tNB9LlcJ7DzMd0cMlwHc6I9OLaQlZpKEAN94Rvc3zZUvYYWGqa4rF2Mqwjg3MIJ5HJZVNbqXWgscCy84jrKU/g== Completed in 35ms
547 timing metavuln:cache:get:security-advisory:express:j8JzSk+dp4eoSO7k9KPqDNXSWeQZuQeMLFfZ9lXlCzkTBefzH5YJStOkrdeBuhyiHlSMBR1HPe7yKSc5bmTVFA== Completed in 35ms
548 timing reifyNode:node_modules/@babel/parser Completed in 3115ms
549 http fetch GET 200 https://registry.npmjs.org/body-parser 59ms (cache hit)
550 timing metavuln:packument:body-parser Completed in 61ms
551 timing metavuln:load:security-advisory:body-parser:5JfVCrV4+n++/kE/U6tbz1htdIKthjszBZ/3DGOpXr4TrS2TWdskvqnfC0J2bHwpFaV2XKOnUs/VJfDAqg7rVw== Completed in 0ms
552 timing metavuln:calculate:security-advisory:body-parser:5JfVCrV4+n++/kE/U6tbz1htdIKthjszBZ/3DGOpXr4TrS2TWdskvqnfC0J2bHwpFaV2XKOnUs/VJfDAqg7rVw== Completed in 62ms
553 http fetch GET 200 https://registry.npmjs.org/express 60ms (cache hit)
554 timing metavuln:packument:express Completed in 66ms
555 timing metavuln:load:security-advisory:express:5JfVCrV4+n++/kE/U6tbz1htdIKthjszBZ/3DGOpXr4TrS2TWdskvqnfC0J2bHwpFaV2XKOnUs/VJfDAqg7rVw== Completed in 2ms
556 timing metavuln:calculate:security-advisory:express:5JfVCrV4+n++/kE/U6tbz1htdIKthjszBZ/3DGOpXr4TrS2TWdskvqnfC0J2bHwpFaV2XKOnUs/VJfDAqg7rVw== Completed in 68ms
557 timing metavuln:cache:get:security-advisory:nock:jQrePwzeXqPxcZ6XVEWkKHrB1pqZ83HiPPQn1DJxcXlECHwbEWefVHgwVuBGKRWYNvSw9cVg13W7WagIJrb2rg== Completed in 6ms
558 timing metavuln:cache:get:security-advisory:superagent:OozltzQbhvU0SK5NqFEavaCdgcYvn2/LJ5KWVOEuuDzlm2PumNdqRjOuzCv7mQf28Bj7uGtU+UBNqkxS/LI63A== Completed in 6ms
559 timing reifyNode:node_modules/istanbul-reports Completed in 3172ms
560 timing reifyNode:node_modules/@babel/core Completed in 3151ms
561 http fetch GET 200 https://registry.npmjs.org/uglify-js/-/uglify-js-3.9.2.tgz 2899ms (cache miss)
562 timing reifyNode:node_modules/uglify-js Completed in 3220ms
563 http fetch GET 200 https://registry.npmjs.org/superagent 60ms (cache hit)
564 timing metavuln:packument:superagent Completed in 64ms
565 timing metavuln:load:security-advisory:superagent:5YfNm966GbxTXuFNTEY+Y5maNecqD28JXWIMAZJ7rvKweRs2/Epcfx96rSbeb5OdXQVx2gyho/vu+hYKMw34VQ== Completed in 41ms
566 http fetch GET 200 https://registry.npmjs.org/uri-js/-/uri-js-4.2.2.tgz 2999ms (cache miss)
567 timing reifyNode:node_modules/uri-js Completed in 3319ms
568 http fetch GET 200 https://registry.npmjs.org/neo-async/-/neo-async-2.6.1.tgz 2975ms (cache miss)
569 timing reifyNode:node_modules/neo-async Completed in 3320ms
570 timing metavuln:cache:put:security-advisory:superagent:OozltzQbhvU0SK5NqFEavaCdgcYvn2/LJ5KWVOEuuDzlm2PumNdqRjOuzCv7mQf28Bj7uGtU+UBNqkxS/LI63A== Completed in 52ms
571 timing metavuln:calculate:security-advisory:superagent:5YfNm966GbxTXuFNTEY+Y5maNecqD28JXWIMAZJ7rvKweRs2/Epcfx96rSbeb5OdXQVx2gyho/vu+hYKMw34VQ== Completed in 157ms
572 http fetch GET 200 https://registry.npmjs.org/ajv/-/ajv-6.12.6.tgz 2929ms (cache miss)
573 http fetch GET 200 https://registry.npmjs.org/nock 208ms (cache miss)
574 timing metavuln:packument:nock Completed in 218ms
575 timing metavuln:load:security-advisory:nock:5YfNm966GbxTXuFNTEY+Y5maNecqD28JXWIMAZJ7rvKweRs2/Epcfx96rSbeb5OdXQVx2gyho/vu+hYKMw34VQ== Completed in 13ms
576 timing reifyNode:node_modules/ajv Completed in 3393ms
577 timing metavuln:cache:put:security-advisory:nock:jQrePwzeXqPxcZ6XVEWkKHrB1pqZ83HiPPQn1DJxcXlECHwbEWefVHgwVuBGKRWYNvSw9cVg13W7WagIJrb2rg== Completed in 29ms
578 timing metavuln:calculate:security-advisory:nock:5YfNm966GbxTXuFNTEY+Y5maNecqD28JXWIMAZJ7rvKweRs2/Epcfx96rSbeb5OdXQVx2gyho/vu+hYKMw34VQ== Completed in 260ms
579 timing metavuln:cache:get:security-advisory:superagent:v4XmEgjuBkBpiLo5I4SV16ElFl6TaCr+4OWq2jQCfpSR7t3vq29GwZ0D254lhsBHl/TfClBSkZa7fTu13c0xtQ== Completed in 13ms
580 timing metavuln:load:security-advisory:superagent:20tDwH6fYKn++PbMnx2tUulmtbaV/gdoUXXQX3IJ8Qzg+tx34k0HmLCCRQ68aR/TWyVmR5LbQdagWrak8dhhtw== Completed in 2ms
581 timing metavuln:calculate:security-advisory:superagent:20tDwH6fYKn++PbMnx2tUulmtbaV/gdoUXXQX3IJ8Qzg+tx34k0HmLCCRQ68aR/TWyVmR5LbQdagWrak8dhhtw== Completed in 15ms
582 timing metavuln:cache:get:security-advisory:@babel/core:+xD594M3TGMVotmR8kb8x7RHwZfXVcGcxc2XIAjR9XE/AYmpmtbGWVT6G7yTagx3NWYF1NpCjTGtS+RLGFT/OA== Completed in 15ms
583 http fetch GET 200 https://registry.npmjs.org/@babel%2fcore 30ms (cache hit)
584 timing metavuln:packument:@babel/core Completed in 34ms
585 timing metavuln:load:security-advisory:@babel/core:FewZk+r3gkr+fV8uxXGDeSUz6U/7loNmzSPStafhi2HfxbrTr6+c3xvaqFCGJ9GwgOajYr1Jm+TkOPENfRkOPw== Completed in 2ms
586 timing metavuln:calculate:security-advisory:@babel/core:FewZk+r3gkr+fV8uxXGDeSUz6U/7loNmzSPStafhi2HfxbrTr6+c3xvaqFCGJ9GwgOajYr1Jm+TkOPENfRkOPw== Completed in 37ms
587 timing reifyNode:node_modules/@babel/types Completed in 3457ms
588 timing metavuln:cache:get:security-advisory:glob:7bg/8fDuiVB8L9eUMPJxYeLVISuUtkyZBu4nuPj3JlFgHfwRDUTXqJGF6FkYPsK2qW3lzTU9RaND5V2qRzjAXA== Completed in 14ms
589 timing metavuln:cache:get:security-advisory:mocha:kw83dBQhL6x8CHi6KTEc0QGLU3wRRI2DkZvQE4lyjHyXKZUG1BmdCtO1NzUG6jYVRehhpzoIm3uLh4VSgnkh8w== Completed in 14ms
590 timing metavuln:cache:get:security-advisory:test-exclude:FWZvhv+rkeQCuNrY3Tduo/B53OG4oKbFOZQqhrCcEmJIoUKf622Jtv664KGI5AoYp62hXAJ4kBq3RBe+Id3v3w== Completed in 13ms
591 http fetch GET 200 https://registry.npmjs.org/glob 27ms (cache hit)
592 timing metavuln:packument:glob Completed in 29ms
593 timing metavuln:load:security-advisory:glob:S5+Js3meY0qRszNElkXnCazKgbbbzGIyrG7ktvG3xQfp8dnhcBxsD5WFYwD/IyJDHetpiaS9EtV2pvsSOwZcTg== Completed in 1ms
594 timing metavuln:calculate:security-advisory:glob:S5+Js3meY0qRszNElkXnCazKgbbbzGIyrG7ktvG3xQfp8dnhcBxsD5WFYwD/IyJDHetpiaS9EtV2pvsSOwZcTg== Completed in 31ms
595 http fetch GET 200 https://registry.npmjs.org/test-exclude 28ms (cache hit)
596 timing metavuln:packument:test-exclude Completed in 30ms
597 timing metavuln:load:security-advisory:test-exclude:S5+Js3meY0qRszNElkXnCazKgbbbzGIyrG7ktvG3xQfp8dnhcBxsD5WFYwD/IyJDHetpiaS9EtV2pvsSOwZcTg== Completed in 0ms
598 timing metavuln:calculate:security-advisory:test-exclude:S5+Js3meY0qRszNElkXnCazKgbbbzGIyrG7ktvG3xQfp8dnhcBxsD5WFYwD/IyJDHetpiaS9EtV2pvsSOwZcTg== Completed in 30ms
599 http fetch GET 200 https://registry.npmjs.org/mocha 31ms (cache hit)
600 timing metavuln:packument:mocha Completed in 39ms
601 timing metavuln:load:security-advisory:mocha:S5+Js3meY0qRszNElkXnCazKgbbbzGIyrG7ktvG3xQfp8dnhcBxsD5WFYwD/IyJDHetpiaS9EtV2pvsSOwZcTg== Completed in 1ms
602 timing metavuln:calculate:security-advisory:mocha:S5+Js3meY0qRszNElkXnCazKgbbbzGIyrG7ktvG3xQfp8dnhcBxsD5WFYwD/IyJDHetpiaS9EtV2pvsSOwZcTg== Completed in 40ms
603 timing metavuln:cache:get:security-advisory:express:vpTdEKI0W96TefM00CHKkXq16liW2itmvuOQ+cmpyJ+rRV0pX7/42dpaSX4LaYBlKmMU+SrIPmuFniFK4ZETig== Completed in 66ms
604 timing metavuln:load:security-advisory:express:tNB9LlcJ7DzMd0cMlwHc6I9OLaQlZpKEAN94Rvc3zZUvYYWGqa4rF2Mqwjg3MIJ5HJZVNbqXWgscCy84jrKU/g== Completed in 2ms
605 timing metavuln:calculate:security-advisory:express:tNB9LlcJ7DzMd0cMlwHc6I9OLaQlZpKEAN94Rvc3zZUvYYWGqa4rF2Mqwjg3MIJ5HJZVNbqXWgscCy84jrKU/g== Completed in 68ms
606 timing auditReport:init Completed in 2168ms
607 timing reify:audit Completed in 3625ms
608 timing reifyNode:node_modules/mocha Completed in 3683ms
609 http fetch GET 200 https://registry.npmjs.org/handlebars/-/handlebars-4.7.7.tgz 3378ms (cache miss)
610 timing reifyNode:node_modules/handlebars Completed in 3750ms
611 timing reifyNode:node_modules/caniuse-lite Completed in 4091ms
612 http fetch GET 200 https://registry.npmjs.org/lodash/-/lodash-4.17.21.tgz 3818ms (cache miss)
613 timing reifyNode:node_modules/lodash Completed in 4158ms
614 timing reify:unpack Completed in 4179ms
615 timing reify:unretire Completed in 1ms
616 timing build:queue Completed in 10ms
617 timing build:link:node_modules/@babel/parser Completed in 14ms
618 timing build:link:node_modules/@babel/core/node_modules/semver Completed in 10ms
619 timing build:link:node_modules/@babel/helper-compilation-targets/node_modules/semver Completed in 10ms
620 timing build:link:node_modules/@istanbuljs/load-nyc-config/node_modules/js-yaml Completed in 10ms
621 timing build:link:node_modules/istanbul-lib-instrument/node_modules/semver Completed in 10ms
622 timing build:link:node_modules/make-dir/node_modules/semver Completed in 10ms
623 timing build:link:node_modules/browserslist Completed in 14ms
624 timing build:link:node_modules/esprima Completed in 13ms
625 timing build:link:node_modules/flat Completed in 13ms
626 timing build:link:node_modules/handlebars Completed in 13ms
627 timing build:link:node_modules/he Completed in 14ms
628 timing build:link:node_modules/jsesc Completed in 13ms
629 timing build:link:node_modules/js-yaml Completed in 14ms
630 timing build:link:node_modules/json5 Completed in 13ms
631 timing build:link:node_modules/mime Completed in 13ms
632 timing build:link:node_modules/mkdirp Completed in 13ms
633 timing build:link:node_modules/mocha Completed in 13ms
634 timing build:link:node_modules/nanoid Completed in 12ms
635 timing build:link:node_modules/nyc Completed in 12ms
636 timing build:link:node_modules/rimraf Completed in 12ms
637 timing build:link:node_modules/semver Completed in 12ms
638 timing build:link:node_modules/sshpk Completed in 12ms
639 timing build:link:node_modules/uglify-js Completed in 12ms
640 timing build:link:node_modules/uuid Completed in 12ms
641 timing build:link:node_modules/which Completed in 11ms
642 timing build:link Completed in 16ms
643 timing build:deps Completed in 28ms
644 timing build Completed in 28ms
645 timing reify:build Completed in 29ms
646 timing reify:trash Completed in 1ms
647 timing reify:save Completed in 123ms
648 timing reify Completed in 4876ms
649 silly ADD node_modules/yocto-queue
650 silly ADD node_modules/yargs-unparser
651 silly ADD node_modules/yargs-unparser/node_modules/decamelize
652 silly ADD node_modules/yargs-unparser/node_modules/camelcase
653 silly ADD node_modules/yargs-parser
654 silly ADD node_modules/yargs
655 silly ADD node_modules/y18n
656 silly ADD node_modules/write-file-atomic
657 silly ADD node_modules/wrappy
658 silly ADD node_modules/wrap-ansi
659 silly ADD node_modules/workerpool
660 silly ADD node_modules/wordwrap
661 silly ADD node_modules/which-module
662 silly ADD node_modules/which
663 silly ADD node_modules/verror
664 silly ADD node_modules/vary
665 silly ADD node_modules/uuid
666 silly ADD node_modules/utils-merge
667 silly ADD node_modules/util-deprecate
668 silly ADD node_modules/uri-js
669 silly ADD node_modules/unpipe
670 silly ADD node_modules/uglify-js
671 silly ADD node_modules/typedarray-to-buffer
672 silly ADD node_modules/type-is
673 silly ADD node_modules/type-fest
674 silly ADD node_modules/type-detect
675 silly ADD node_modules/tweetnacl
676 silly ADD node_modules/tunnel-agent
677 silly ADD node_modules/tough-cookie
678 silly ADD node_modules/toidentifier
679 silly ADD node_modules/to-regex-range
680 silly ADD node_modules/to-fast-properties
681 silly ADD node_modules/test-exclude
682 silly ADD node_modules/supports-color
683 silly ADD node_modules/supertest
684 silly ADD node_modules/superagent
685 silly ADD node_modules/strip-json-comments
686 silly ADD node_modules/strip-bom
687 silly ADD node_modules/strip-ansi
688 silly ADD node_modules/string-width
689 silly ADD node_modules/string_decoder
690 silly ADD node_modules/statuses
691 silly ADD node_modules/sshpk
692 silly ADD node_modules/sprintf-js
693 silly ADD node_modules/spawn-wrap
694 silly ADD node_modules/source-map
695 silly ADD node_modules/signal-exit
696 silly ADD node_modules/shebang-regex
697 silly ADD node_modules/shebang-command
698 silly ADD node_modules/setprototypeof
699 silly ADD node_modules/set-blocking
700 silly ADD node_modules/serve-static
701 silly ADD node_modules/serialize-javascript
702 silly ADD node_modules/send
703 silly ADD node_modules/send/node_modules/debug
704 silly ADD node_modules/send/node_modules/debug/node_modules/ms
705 silly ADD node_modules/semver
706 silly ADD node_modules/safer-buffer
707 silly ADD node_modules/safe-buffer
708 silly ADD node_modules/rimraf
709 silly ADD node_modules/resolve-from
710 silly ADD node_modules/require-main-filename
711 silly ADD node_modules/require-directory
712 silly ADD node_modules/request
713 silly ADD node_modules/request/node_modules/qs
714 silly ADD node_modules/request/node_modules/form-data
715 silly ADD node_modules/release-zalgo
716 silly ADD node_modules/regexp.prototype.flags
717 silly ADD node_modules/readdirp
718 silly ADD node_modules/readable-stream
719 silly ADD node_modules/raw-body
720 silly ADD node_modules/range-parser
721 silly ADD node_modules/randombytes
722 silly ADD node_modules/qs
723 silly ADD node_modules/punycode
724 silly ADD node_modules/psl
725 silly ADD node_modules/proxy-addr
726 silly ADD node_modules/propagate
727 silly ADD node_modules/process-on-spawn
728 silly ADD node_modules/process-nextick-args
729 silly ADD node_modules/pkg-dir
730 silly ADD node_modules/pkg-dir/node_modules/p-locate
731 silly ADD node_modules/pkg-dir/node_modules/p-limit
732 silly ADD node_modules/pkg-dir/node_modules/locate-path
733 silly ADD node_modules/pkg-dir/node_modules/find-up
734 silly ADD node_modules/picomatch
735 silly ADD node_modules/picocolors
736 silly ADD node_modules/performance-now
737 silly ADD node_modules/pathval
738 silly ADD node_modules/path-to-regexp
739 silly ADD node_modules/path-key
740 silly ADD node_modules/path-is-absolute
741 silly ADD node_modules/path-exists
742 silly ADD node_modules/parseurl
743 silly ADD node_modules/package-hash
744 silly ADD node_modules/p-try
745 silly ADD node_modules/p-map
746 silly ADD node_modules/p-locate
747 silly ADD node_modules/p-limit
748 silly ADD node_modules/once
749 silly ADD node_modules/on-finished
750 silly ADD node_modules/object-keys
751 silly ADD node_modules/object-is
752 silly ADD node_modules/oauth-sign
753 silly ADD node_modules/nyc
754 silly ADD node_modules/nyc/node_modules/yargs-parser
755 silly ADD node_modules/nyc/node_modules/yargs
756 silly ADD node_modules/nyc/node_modules/y18n
757 silly ADD node_modules/nyc/node_modules/wrap-ansi
758 silly ADD node_modules/nyc/node_modules/p-locate
759 silly ADD node_modules/nyc/node_modules/p-limit
760 silly ADD node_modules/nyc/node_modules/locate-path
761 silly ADD node_modules/nyc/node_modules/find-up
762 silly ADD node_modules/nyc/node_modules/cliui
763 silly ADD node_modules/normalize-path
764 silly ADD node_modules/node-releases
765 silly ADD node_modules/node-preload
766 silly ADD node_modules/nock
767 silly ADD node_modules/nock/node_modules/debug
768 silly ADD node_modules/neo-async
769 silly ADD node_modules/negotiator
770 silly ADD node_modules/nanoid
771 silly ADD node_modules/ms
772 silly ADD node_modules/mocha
773 silly ADD node_modules/mocha/node_modules/ms
774 silly ADD node_modules/mocha/node_modules/debug
775 silly ADD node_modules/mocha/node_modules/debug/node_modules/ms
776 silly ADD node_modules/mkdirp
777 silly ADD node_modules/minimist
778 silly ADD node_modules/minimatch
779 silly ADD node_modules/mime-types
780 silly ADD node_modules/mime-db
781 silly ADD node_modules/mime
782 silly ADD node_modules/methods
783 silly ADD node_modules/merge-descriptors
784 silly ADD node_modules/media-typer
785 silly ADD node_modules/make-dir
786 silly ADD node_modules/make-dir/node_modules/semver
787 silly ADD node_modules/log-symbols
788 silly ADD node_modules/lodash.flattendeep
789 silly ADD node_modules/lodash
790 silly ADD node_modules/locate-path
791 silly ADD node_modules/jsprim
792 silly ADD node_modules/json5
793 silly ADD node_modules/json-stringify-safe
794 silly ADD node_modules/json-schema-traverse
795 silly ADD node_modules/json-schema
796 silly ADD node_modules/jsesc
797 silly ADD node_modules/jsbn
798 silly ADD node_modules/js-yaml
799 silly ADD node_modules/js-tokens
800 silly ADD node_modules/istanbul-reports
801 silly ADD node_modules/istanbul-lib-source-maps
802 silly ADD node_modules/istanbul-lib-source-maps/node_modules/ms
803 silly ADD node_modules/istanbul-lib-source-maps/node_modules/debug
804 silly ADD node_modules/istanbul-lib-report
805 silly ADD node_modules/istanbul-lib-report/node_modules/supports-color
806 silly ADD node_modules/istanbul-lib-processinfo
807 silly ADD node_modules/istanbul-lib-instrument
808 silly ADD node_modules/istanbul-lib-instrument/node_modules/semver
809 silly ADD node_modules/istanbul-lib-hook
810 silly ADD node_modules/istanbul-lib-coverage
811 silly ADD node_modules/isstream
812 silly ADD node_modules/isexe
813 silly ADD node_modules/isarray
814 silly ADD node_modules/is-windows
815 silly ADD node_modules/is-unicode-supported
816 silly ADD node_modules/is-typedarray
817 silly ADD node_modules/is-stream
818 silly ADD node_modules/is-regex
819 silly ADD node_modules/is-plain-obj
820 silly ADD node_modules/is-number
821 silly ADD node_modules/is-glob
822 silly ADD node_modules/is-fullwidth-code-point
823 silly ADD node_modules/is-extglob
824 silly ADD node_modules/is-date-object
825 silly ADD node_modules/is-binary-path
826 silly ADD node_modules/is-arguments
827 silly ADD node_modules/ipaddr.js
828 silly ADD node_modules/inherits
829 silly ADD node_modules/inflight
830 silly ADD node_modules/indent-string
831 silly ADD node_modules/imurmurhash
832 silly ADD node_modules/iconv-lite
833 silly ADD node_modules/http-signature
834 silly ADD node_modules/http-errors
835 silly ADD node_modules/http-errors/node_modules/inherits
836 silly ADD node_modules/html-escaper
837 silly ADD node_modules/he
838 silly ADD node_modules/hasha
839 silly ADD node_modules/has-flag
840 silly ADD node_modules/has
841 silly ADD node_modules/har-validator
842 silly ADD node_modules/har-schema
843 silly ADD node_modules/handlebars
844 silly ADD node_modules/growl
845 silly ADD node_modules/graceful-fs
846 silly ADD node_modules/globals
847 silly ADD node_modules/glob-parent
848 silly ADD node_modules/glob
849 silly ADD node_modules/getpass
850 silly ADD node_modules/get-package-type
851 silly ADD node_modules/get-func-name
852 silly ADD node_modules/get-caller-file
853 silly ADD node_modules/gensync
854 silly ADD node_modules/function-bind
855 silly ADD
856 silly ADD node_modules/fs.realpath
857 silly ADD node_modules/fromentries
858 silly ADD node_modules/fresh
859 silly ADD node_modules/forwarded
860 silly ADD node_modules/formidable
861 silly ADD node_modules/form-data
862 silly ADD node_modules/forever-agent
863 silly ADD node_modules/foreground-child
864 silly ADD node_modules/flat
865 silly ADD node_modules/find-up
866 silly ADD node_modules/find-cache-dir
867 silly ADD node_modules/finalhandler
868 silly ADD node_modules/finalhandler/node_modules/ms
869 silly ADD node_modules/finalhandler/node_modules/debug
870 silly ADD node_modules/fill-range
871 silly ADD node_modules/fast-json-stable-stringify
872 silly ADD node_modules/fast-deep-equal
873 silly ADD node_modules/extsprintf
874 silly ADD node_modules/extend
875 silly ADD node_modules/express-handlebars
876 silly ADD node_modules/express
877 silly ADD node_modules/express/node_modules/qs
878 silly ADD node_modules/express/node_modules/ms
879 silly ADD node_modules/express/node_modules/debug
880 silly ADD node_modules/etag
881 silly ADD node_modules/esprima
882 silly ADD node_modules/escape-string-regexp
883 silly ADD node_modules/escape-html
884 silly ADD node_modules/escalade
885 silly ADD node_modules/es6-error
886 silly ADD node_modules/encodeurl
887 silly ADD node_modules/emoji-regex
888 silly ADD node_modules/electron-to-chromium
889 silly ADD node_modules/ee-first
890 silly ADD node_modules/ecc-jsbn
891 silly ADD node_modules/diff
892 silly ADD node_modules/destroy
893 silly ADD node_modules/depd
894 silly ADD node_modules/delayed-stream
895 silly ADD node_modules/define-properties
896 silly ADD node_modules/default-require-extensions
897 silly ADD node_modules/deep-equal
898 silly ADD node_modules/deep-eql
899 silly ADD node_modules/decamelize
900 silly ADD node_modules/debug
901 silly ADD node_modules/dashdash
902 silly ADD node_modules/cross-spawn
903 silly ADD node_modules/core-util-is
904 silly ADD node_modules/cookiejar
905 silly ADD node_modules/cookie-signature
906 silly ADD node_modules/cookie
907 silly ADD node_modules/convert-source-map
908 silly ADD node_modules/content-type
909 silly ADD node_modules/content-disposition
910 silly ADD node_modules/concat-map
911 silly ADD node_modules/component-emitter
912 silly ADD node_modules/commondir
913 silly ADD node_modules/commander
914 silly ADD node_modules/combined-stream
915 silly ADD node_modules/color-name
916 silly ADD node_modules/color-convert
917 silly ADD node_modules/cliui
918 silly ADD node_modules/clean-stack
919 silly ADD node_modules/chokidar
920 silly ADD node_modules/check-error
921 silly ADD node_modules/chalk
922 silly ADD node_modules/chalk/node_modules/supports-color
923 silly ADD node_modules/chai
924 silly ADD node_modules/caseless
925 silly ADD node_modules/caniuse-lite
926 silly ADD node_modules/camelcase
927 silly ADD node_modules/caching-transform
928 silly ADD node_modules/bytes
929 silly ADD node_modules/browserslist
930 silly ADD node_modules/browser-stdout
931 silly ADD node_modules/braces
932 silly ADD node_modules/brace-expansion
933 silly ADD node_modules/body-parser
934 silly ADD node_modules/body-parser/node_modules/qs
935 silly ADD node_modules/body-parser/node_modules/ms
936 silly ADD node_modules/body-parser/node_modules/debug
937 silly ADD node_modules/binary-extensions
938 silly ADD node_modules/bcrypt-pbkdf
939 silly ADD node_modules/balanced-match
940 silly ADD node_modules/aws4
941 silly ADD node_modules/aws-sign2
942 silly ADD node_modules/asynckit
943 silly ADD node_modules/assertion-error
944 silly ADD node_modules/assert-plus
945 silly ADD node_modules/asn1
946 silly ADD node_modules/array-flatten
947 silly ADD node_modules/argparse
948 silly ADD node_modules/archy
949 silly ADD node_modules/append-transform
950 silly ADD node_modules/anymatch
951 silly ADD node_modules/ansi-styles
952 silly ADD node_modules/ansi-regex
953 silly ADD node_modules/ansi-colors
954 silly ADD node_modules/ajv
955 silly ADD node_modules/aggregate-error
956 silly ADD node_modules/accepts
957 silly ADD node_modules/@ungap/promise-all-settled
958 silly ADD node_modules/@jridgewell/trace-mapping
959 silly ADD node_modules/@jridgewell/sourcemap-codec
960 silly ADD node_modules/@jridgewell/resolve-uri
961 silly ADD node_modules/@istanbuljs/schema
962 silly ADD node_modules/@istanbuljs/load-nyc-config
963 silly ADD node_modules/@istanbuljs/load-nyc-config/node_modules/p-locate
964 silly ADD node_modules/@istanbuljs/load-nyc-config/node_modules/p-limit
965 silly ADD node_modules/@istanbuljs/load-nyc-config/node_modules/locate-path
966 silly ADD node_modules/@istanbuljs/load-nyc-config/node_modules/js-yaml
967 silly ADD node_modules/@istanbuljs/load-nyc-config/node_modules/find-up
968 silly ADD node_modules/@istanbuljs/load-nyc-config/node_modules/argparse
969 silly ADD node_modules/@babel/types
970 silly ADD node_modules/@babel/traverse
971 silly ADD node_modules/@babel/traverse/node_modules/ms
972 silly ADD node_modules/@babel/traverse/node_modules/debug
973 silly ADD node_modules/@babel/template
974 silly ADD node_modules/@babel/parser
975 silly ADD node_modules/@babel/highlight
976 silly ADD node_modules/@babel/highlight/node_modules/supports-color
977 silly ADD node_modules/@babel/highlight/node_modules/has-flag
978 silly ADD node_modules/@babel/highlight/node_modules/escape-string-regexp
979 silly ADD node_modules/@babel/highlight/node_modules/color-name
980 silly ADD node_modules/@babel/highlight/node_modules/color-convert
981 silly ADD node_modules/@babel/highlight/node_modules/chalk
982 silly ADD node_modules/@babel/highlight/node_modules/ansi-styles
983 silly ADD node_modules/@babel/helpers
984 silly ADD node_modules/@babel/helper-validator-option
985 silly ADD node_modules/@babel/helper-validator-identifier
986 silly ADD node_modules/@babel/helper-split-export-declaration
987 silly ADD node_modules/@babel/helper-simple-access
988 silly ADD node_modules/@babel/helper-module-transforms
989 silly ADD node_modules/@babel/helper-module-imports
990 silly ADD node_modules/@babel/helper-hoist-variables
991 silly ADD node_modules/@babel/helper-get-function-arity
992 silly ADD node_modules/@babel/helper-function-name
993 silly ADD node_modules/@babel/helper-environment-visitor
994 silly ADD node_modules/@babel/helper-compilation-targets
995 silly ADD node_modules/@babel/helper-compilation-targets/node_modules/semver
996 silly ADD node_modules/@babel/generator
997 silly ADD node_modules/@babel/generator/node_modules/source-map
998 silly ADD node_modules/@babel/core
999 silly ADD node_modules/@babel/core/node_modules/semver
1000 silly ADD node_modules/@babel/core/node_modules/ms
1001 silly ADD node_modules/@babel/core/node_modules/debug
1002 silly ADD node_modules/@babel/compat-data
1003 silly ADD node_modules/@babel/code-frame
1004 silly ADD node_modules/@ampproject/remapping
1005 timing command:install Completed in 4924ms
1006 verbose exit 0
1007 timing npm Completed in 4962ms
1008 info ok
