0 verbose cli /usr/local/nvm/versions/node/v18.12.1/bin/node /usr/local/nvm/versions/node/v18.12.1/bin/npm
1 info using npm@9.6.0
2 info using node@v18.12.1
3 timing npm:load:whichnode Completed in 16ms
4 timing config:load:defaults Completed in 6ms
5 timing config:load:file:/usr/local/nvm/versions/node/v18.12.1/lib/node_modules/npm/npmrc Completed in 1ms
6 timing config:load:builtin Completed in 3ms
7 timing config:load:cli Completed in 6ms
8 timing config:load:env Completed in 2ms
9 timing config:load:file:/google/devshell/editor/theia/.npmrc Completed in 0ms
10 timing config:load:project Completed in 30ms
11 timing config:load:file:/home/user316/.npmrc Completed in 1ms
12 timing config:load:user Completed in 1ms
13 timing config:load:file:/usr/local/nvm/versions/node/v18.12.1/etc/npmrc Completed in 0ms
14 timing config:load:global Completed in 1ms
15 timing config:load:setEnvs Completed in 1ms
16 timing config:load Completed in 51ms
17 timing npm:load:configload Completed in 51ms
18 timing npm:load:mkdirpcache Completed in 3ms
19 timing npm:load:mkdirplogs Completed in 0ms
20 verbose title npm config get prefix
21 verbose argv "config" "get" "prefix"
22 timing npm:load:setTitle Completed in 2ms
23 timing config:load:flatten Completed in 12ms
24 timing npm:load:display Completed in 14ms
25 verbose logfile logs-max:10 dir:/home/user316/.npm/_logs/2023-03-15T20_57_16_213Z-
26 verbose logfile /home/user316/.npm/_logs/2023-03-15T20_57_16_213Z-debug-0.log
27 timing npm:load:logFile Completed in 46ms
28 timing npm:load:timers Completed in 0ms
29 timing npm:load:configScope Completed in 0ms
30 timing npm:load Completed in 138ms
31 timing command:config Completed in 8ms
32 verbose exit 0
33 timing npm Completed in 187ms
34 info ok
